{"/Users/portable/Documents/GitHub/StellarSwipe-Backends/src/streaming/streaming.module.ts": {"path":"/Users/portable/Documents/GitHub/StellarSwipe-Backends/src/streaming/streaming.module.ts","statementMap":{"0":{"start":{"line":1,"column":0},"end":{"line":1,"column":40}},"1":{"start":{"line":2,"column":0},"end":{"line":2,"column":53}},"2":{"start":{"line":3,"column":0},"end":{"line":3,"column":78}},"3":{"start":{"line":4,"column":0},"end":{"line":4,"column":80}},"4":{"start":{"line":5,"column":0},"end":{"line":5,"column":78}},"5":{"start":{"line":6,"column":0},"end":{"line":6,"column":80}},"6":{"start":{"line":18,"column":7},"end":{"line":18,"column":null}},"7":{"start":{"line":18,"column":13},"end":{"line":18,"column":28}},"8":{"start":{"line":18,"column":13},"end":{"line":18,"column":null}}},"fnMap":{},"branchMap":{},"s":{"0":0,"1":0,"2":0,"3":0,"4":0,"5":0,"6":0,"7":0,"8":0},"f":{},"b":{}}
,"/Users/portable/Documents/GitHub/StellarSwipe-Backends/src/streaming/kafka/kafka.service.ts": {"path":"/Users/portable/Documents/GitHub/StellarSwipe-Backends/src/streaming/kafka/kafka.service.ts","statementMap":{"0":{"start":{"line":1,"column":0},"end":{"line":1,"column":52}},"1":{"start":{"line":2,"column":0},"end":{"line":2,"column":38}},"2":{"start":{"line":16,"column":25},"end":{"line":50,"column":null}},"3":{"start":{"line":17,"column":19},"end":{"line":17,"column":58}},"4":{"start":{"line":18,"column":19},"end":{"line":18,"column":48}},"5":{"start":{"line":19,"column":19},"end":{"line":19,"column":67}},"6":{"start":{"line":22,"column":4},"end":{"line":22,"column":62}},"7":{"start":{"line":23,"column":4},"end":{"line":23,"column":52}},"8":{"start":{"line":31,"column":4},"end":{"line":31,"column":76}},"9":{"start":{"line":32,"column":4},"end":{"line":34,"column":5}},"10":{"start":{"line":33,"column":6},"end":{"line":33,"column":50}},"11":{"start":{"line":35,"column":4},"end":{"line":35,"column":49}},"12":{"start":{"line":36,"column":4},"end":{"line":36,"column":68}},"13":{"start":{"line":40,"column":4},"end":{"line":40,"column":69}},"14":{"start":{"line":44,"column":4},"end":{"line":44,"column":31}},"15":{"start":{"line":48,"column":4},"end":{"line":48,"column":45}},"16":{"start":{"line":16,"column":13},"end":{"line":16,"column":25}},"17":{"start":{"line":16,"column":13},"end":{"line":50,"column":null}}},"fnMap":{"0":{"name":"(anonymous_1)","decl":{"start":{"line":16,"column":7},"end":{"line":16,"column":13}},"loc":{"start":{"line":16,"column":7},"end":{"line":50,"column":1}}},"1":{"name":"(anonymous_2)","decl":{"start":{"line":21,"column":2},"end":{"line":21,"column":6}},"loc":{"start":{"line":21,"column":59},"end":{"line":24,"column":3}}},"2":{"name":"(anonymous_3)","decl":{"start":{"line":26,"column":2},"end":{"line":26,"column":11}},"loc":{"start":{"line":29,"column":30},"end":{"line":37,"column":3}}},"3":{"name":"(anonymous_4)","decl":{"start":{"line":39,"column":2},"end":{"line":39,"column":13}},"loc":{"start":{"line":39,"column":52},"end":{"line":41,"column":3}}},"4":{"name":"(anonymous_5)","decl":{"start":{"line":43,"column":2},"end":{"line":43,"column":19}},"loc":{"start":{"line":43,"column":19},"end":{"line":45,"column":3}}},"5":{"name":"(anonymous_6)","decl":{"start":{"line":47,"column":2},"end":{"line":47,"column":25}},"loc":{"start":{"line":47,"column":39},"end":{"line":49,"column":3}}}},"branchMap":{"0":{"loc":{"start":{"line":32,"column":4},"end":{"line":34,"column":5}},"type":"if","locations":[{"start":{"line":32,"column":4},"end":{"line":34,"column":5}}]}},"s":{"0":5,"1":5,"2":5,"3":11,"4":11,"5":11,"6":4,"7":4,"8":13,"9":13,"10":12,"11":13,"12":13,"13":2,"14":4,"15":4,"16":5,"17":5},"f":{"0":11,"1":4,"2":13,"3":2,"4":4,"5":4},"b":{"0":[12]}}
,"/Users/portable/Documents/GitHub/StellarSwipe-Backends/src/streaming/kafka/consumers/signal-events.consumer.ts": {"path":"/Users/portable/Documents/GitHub/StellarSwipe-Backends/src/streaming/kafka/consumers/signal-events.consumer.ts","statementMap":{"0":{"start":{"line":1,"column":0},"end":{"line":1,"column":66}},"1":{"start":{"line":2,"column":0},"end":{"line":2,"column":62}},"2":{"start":{"line":3,"column":0},"end":{"line":3,"column":53}},"3":{"start":{"line":11,"column":33},"end":{"line":50,"column":null}},"4":{"start":{"line":15,"column":31},"end":{"line":15,"column":45}},"5":{"start":{"line":12,"column":19},"end":{"line":12,"column":66}},"6":{"start":{"line":13,"column":11},"end":{"line":13,"column":53}},"7":{"start":{"line":18,"column":4},"end":{"line":22,"column":6}},"8":{"start":{"line":23,"column":4},"end":{"line":27,"column":6}},"9":{"start":{"line":28,"column":4},"end":{"line":32,"column":6}},"10":{"start":{"line":36,"column":4},"end":{"line":38,"column":6}},"11":{"start":{"line":42,"column":4},"end":{"line":42,"column":54}},"12":{"start":{"line":46,"column":4},"end":{"line":48,"column":6}},"13":{"start":{"line":11,"column":13},"end":{"line":11,"column":33}},"14":{"start":{"line":11,"column":13},"end":{"line":50,"column":null}}},"fnMap":{"0":{"name":"(anonymous_2)","decl":{"start":{"line":15,"column":2},"end":{"line":15,"column":31}},"loc":{"start":{"line":15,"column":57},"end":{"line":15,"column":61}}},"1":{"name":"(anonymous_3)","decl":{"start":{"line":17,"column":2},"end":{"line":17,"column":14}},"loc":{"start":{"line":17,"column":14},"end":{"line":33,"column":3}}},"2":{"name":"(anonymous_4)","decl":{"start":{"line":35,"column":2},"end":{"line":35,"column":21}},"loc":{"start":{"line":35,"column":65},"end":{"line":39,"column":3}}},"3":{"name":"(anonymous_5)","decl":{"start":{"line":41,"column":2},"end":{"line":41,"column":21}},"loc":{"start":{"line":41,"column":65},"end":{"line":43,"column":3}}},"4":{"name":"(anonymous_6)","decl":{"start":{"line":45,"column":2},"end":{"line":45,"column":23}},"loc":{"start":{"line":45,"column":69},"end":{"line":49,"column":3}}}},"branchMap":{},"s":{"0":1,"1":1,"2":1,"3":1,"4":5,"5":5,"6":5,"7":1,"8":1,"9":1,"10":1,"11":1,"12":1,"13":1,"14":1},"f":{"0":5,"1":1,"2":1,"3":1,"4":1},"b":{}}
,"/Users/portable/Documents/GitHub/StellarSwipe-Backends/src/streaming/kafka/consumers/trade-events.consumer.ts": {"path":"/Users/portable/Documents/GitHub/StellarSwipe-Backends/src/streaming/kafka/consumers/trade-events.consumer.ts","statementMap":{"0":{"start":{"line":1,"column":0},"end":{"line":1,"column":66}},"1":{"start":{"line":2,"column":0},"end":{"line":2,"column":62}},"2":{"start":{"line":3,"column":0},"end":{"line":3,"column":53}},"3":{"start":{"line":11,"column":32},"end":{"line":52,"column":null}},"4":{"start":{"line":15,"column":31},"end":{"line":15,"column":45}},"5":{"start":{"line":12,"column":19},"end":{"line":12,"column":65}},"6":{"start":{"line":13,"column":11},"end":{"line":13,"column":52}},"7":{"start":{"line":18,"column":4},"end":{"line":22,"column":6}},"8":{"start":{"line":23,"column":4},"end":{"line":27,"column":6}},"9":{"start":{"line":28,"column":4},"end":{"line":32,"column":6}},"10":{"start":{"line":36,"column":4},"end":{"line":38,"column":6}},"11":{"start":{"line":42,"column":4},"end":{"line":44,"column":6}},"12":{"start":{"line":48,"column":4},"end":{"line":50,"column":6}},"13":{"start":{"line":11,"column":13},"end":{"line":11,"column":32}},"14":{"start":{"line":11,"column":13},"end":{"line":52,"column":null}}},"fnMap":{"0":{"name":"(anonymous_2)","decl":{"start":{"line":15,"column":2},"end":{"line":15,"column":31}},"loc":{"start":{"line":15,"column":57},"end":{"line":15,"column":61}}},"1":{"name":"(anonymous_3)","decl":{"start":{"line":17,"column":2},"end":{"line":17,"column":14}},"loc":{"start":{"line":17,"column":14},"end":{"line":33,"column":3}}},"2":{"name":"(anonymous_4)","decl":{"start":{"line":35,"column":2},"end":{"line":35,"column":21}},"loc":{"start":{"line":35,"column":65},"end":{"line":39,"column":3}}},"3":{"name":"(anonymous_5)","decl":{"start":{"line":41,"column":2},"end":{"line":41,"column":22}},"loc":{"start":{"line":41,"column":67},"end":{"line":45,"column":3}}},"4":{"name":"(anonymous_6)","decl":{"start":{"line":47,"column":2},"end":{"line":47,"column":22}},"loc":{"start":{"line":47,"column":67},"end":{"line":51,"column":3}}}},"branchMap":{"0":{"loc":{"start":{"line":43,"column":51},"end":{"line":43,"column":81}},"type":"binary-expr","locations":[{"start":{"line":43,"column":51},"end":{"line":43,"column":71}},{"start":{"line":43,"column":75},"end":{"line":43,"column":81}}]}},"s":{"0":1,"1":1,"2":1,"3":1,"4":6,"5":6,"6":6,"7":1,"8":1,"9":1,"10":1,"11":2,"12":1,"13":1,"14":1},"f":{"0":6,"1":1,"2":1,"3":2,"4":1},"b":{"0":[2,1]}}
,"/Users/portable/Documents/GitHub/StellarSwipe-Backends/src/streaming/kafka/producers/signal-events.producer.ts": {"path":"/Users/portable/Documents/GitHub/StellarSwipe-Backends/src/streaming/kafka/producers/signal-events.producer.ts","statementMap":{"0":{"start":{"line":1,"column":0},"end":{"line":1,"column":44}},"1":{"start":{"line":2,"column":0},"end":{"line":2,"column":48}},"2":{"start":{"line":3,"column":0},"end":{"line":3,"column":53}},"3":{"start":{"line":27,"column":7},"end":{"line":53,"column":null}},"4":{"start":{"line":28,"column":31},"end":{"line":28,"column":45}},"5":{"start":{"line":31,"column":4},"end":{"line":35,"column":7}},"6":{"start":{"line":39,"column":4},"end":{"line":43,"column":7}},"7":{"start":{"line":47,"column":4},"end":{"line":51,"column":7}},"8":{"start":{"line":27,"column":13},"end":{"line":27,"column":33}},"9":{"start":{"line":27,"column":13},"end":{"line":53,"column":null}}},"fnMap":{"0":{"name":"(anonymous_2)","decl":{"start":{"line":28,"column":2},"end":{"line":28,"column":31}},"loc":{"start":{"line":28,"column":57},"end":{"line":28,"column":61}}},"1":{"name":"(anonymous_3)","decl":{"start":{"line":30,"column":2},"end":{"line":30,"column":19}},"loc":{"start":{"line":30,"column":49},"end":{"line":36,"column":3}}},"2":{"name":"(anonymous_4)","decl":{"start":{"line":38,"column":2},"end":{"line":38,"column":19}},"loc":{"start":{"line":38,"column":49},"end":{"line":44,"column":3}}},"3":{"name":"(anonymous_5)","decl":{"start":{"line":46,"column":2},"end":{"line":46,"column":21}},"loc":{"start":{"line":46,"column":53},"end":{"line":52,"column":3}}}},"branchMap":{},"s":{"0":1,"1":1,"2":1,"3":1,"4":3,"5":1,"6":1,"7":1,"8":1,"9":1},"f":{"0":3,"1":1,"2":1,"3":1},"b":{}}
,"/Users/portable/Documents/GitHub/StellarSwipe-Backends/src/streaming/kafka/producers/trade-events.producer.ts": {"path":"/Users/portable/Documents/GitHub/StellarSwipe-Backends/src/streaming/kafka/producers/trade-events.producer.ts","statementMap":{"0":{"start":{"line":1,"column":0},"end":{"line":1,"column":44}},"1":{"start":{"line":2,"column":0},"end":{"line":2,"column":48}},"2":{"start":{"line":3,"column":0},"end":{"line":3,"column":53}},"3":{"start":{"line":30,"column":7},"end":{"line":56,"column":null}},"4":{"start":{"line":31,"column":31},"end":{"line":31,"column":45}},"5":{"start":{"line":34,"column":4},"end":{"line":38,"column":7}},"6":{"start":{"line":42,"column":4},"end":{"line":46,"column":7}},"7":{"start":{"line":50,"column":4},"end":{"line":54,"column":7}},"8":{"start":{"line":30,"column":13},"end":{"line":30,"column":32}},"9":{"start":{"line":30,"column":13},"end":{"line":56,"column":null}}},"fnMap":{"0":{"name":"(anonymous_2)","decl":{"start":{"line":31,"column":2},"end":{"line":31,"column":31}},"loc":{"start":{"line":31,"column":57},"end":{"line":31,"column":61}}},"1":{"name":"(anonymous_3)","decl":{"start":{"line":33,"column":2},"end":{"line":33,"column":19}},"loc":{"start":{"line":33,"column":49},"end":{"line":39,"column":3}}},"2":{"name":"(anonymous_4)","decl":{"start":{"line":41,"column":2},"end":{"line":41,"column":20}},"loc":{"start":{"line":41,"column":51},"end":{"line":47,"column":3}}},"3":{"name":"(anonymous_5)","decl":{"start":{"line":49,"column":2},"end":{"line":49,"column":20}},"loc":{"start":{"line":49,"column":51},"end":{"line":55,"column":3}}}},"branchMap":{},"s":{"0":1,"1":1,"2":1,"3":1,"4":4,"5":1,"6":2,"7":1,"8":1,"9":1},"f":{"0":4,"1":1,"2":2,"3":1},"b":{}}
,"/Users/portable/Documents/GitHub/StellarSwipe-Backends/src/streaming/kafka/topics/kafka.topics.ts": {"path":"/Users/portable/Documents/GitHub/StellarSwipe-Backends/src/streaming/kafka/topics/kafka.topics.ts","statementMap":{"0":{"start":{"line":1,"column":13},"end":{"line":12,"column":11}}},"fnMap":{},"branchMap":{},"s":{"0":5},"f":{},"b":{}}
}
