TN:
SF:src/streaming/streaming.module.ts
FNF:0
FNH:0
DA:1,0
DA:2,0
DA:3,0
DA:4,0
DA:5,0
DA:6,0
DA:18,0
LF:7
LH:0
BRF:0
BRH:0
end_of_record
TN:
SF:src/streaming/kafka/kafka.service.ts
FN:16,(anonymous_1)
FN:21,(anonymous_2)
FN:26,(anonymous_3)
FN:39,(anonymous_4)
FN:43,(anonymous_5)
FN:47,(anonymous_6)
FNF:6
FNH:6
FNDA:11,(anonymous_1)
FNDA:4,(anonymous_2)
FNDA:13,(anonymous_3)
FNDA:2,(anonymous_4)
FNDA:4,(anonymous_5)
FNDA:4,(anonymous_6)
DA:1,5
DA:2,5
DA:16,5
DA:17,11
DA:18,11
DA:19,11
DA:22,4
DA:23,4
DA:31,13
DA:32,13
DA:33,12
DA:35,13
DA:36,13
DA:40,2
DA:44,4
DA:48,4
LF:16
LH:16
BRDA:32,0,0,12
BRF:1
BRH:1
end_of_record
TN:
SF:src/streaming/kafka/consumers/signal-events.consumer.ts
FN:15,(anonymous_2)
FN:17,(anonymous_3)
FN:35,(anonymous_4)
FN:41,(anonymous_5)
FN:45,(anonymous_6)
FNF:5
FNH:5
FNDA:5,(anonymous_2)
FNDA:1,(anonymous_3)
FNDA:1,(anonymous_4)
FNDA:1,(anonymous_5)
FNDA:1,(anonymous_6)
DA:1,1
DA:2,1
DA:3,1
DA:11,1
DA:12,5
DA:13,5
DA:15,5
DA:18,1
DA:23,1
DA:28,1
DA:36,1
DA:42,1
DA:46,1
LF:13
LH:13
BRF:0
BRH:0
end_of_record
TN:
SF:src/streaming/kafka/consumers/trade-events.consumer.ts
FN:15,(anonymous_2)
FN:17,(anonymous_3)
FN:35,(anonymous_4)
FN:41,(anonymous_5)
FN:47,(anonymous_6)
FNF:5
FNH:5
FNDA:6,(anonymous_2)
FNDA:1,(anonymous_3)
FNDA:1,(anonymous_4)
FNDA:2,(anonymous_5)
FNDA:1,(anonymous_6)
DA:1,1
DA:2,1
DA:3,1
DA:11,1
DA:12,6
DA:13,6
DA:15,6
DA:18,1
DA:23,1
DA:28,1
DA:36,1
DA:42,2
DA:48,1
LF:13
LH:13
BRDA:43,0,0,2
BRDA:43,0,1,1
BRF:2
BRH:2
end_of_record
TN:
SF:src/streaming/kafka/producers/signal-events.producer.ts
FN:28,(anonymous_2)
FN:30,(anonymous_3)
FN:38,(anonymous_4)
FN:46,(anonymous_5)
FNF:4
FNH:4
FNDA:3,(anonymous_2)
FNDA:1,(anonymous_3)
FNDA:1,(anonymous_4)
FNDA:1,(anonymous_5)
DA:1,1
DA:2,1
DA:3,1
DA:27,1
DA:28,3
DA:31,1
DA:39,1
DA:47,1
LF:8
LH:8
BRF:0
BRH:0
end_of_record
TN:
SF:src/streaming/kafka/producers/trade-events.producer.ts
FN:31,(anonymous_2)
FN:33,(anonymous_3)
FN:41,(anonymous_4)
FN:49,(anonymous_5)
FNF:4
FNH:4
FNDA:4,(anonymous_2)
FNDA:1,(anonymous_3)
FNDA:2,(anonymous_4)
FNDA:1,(anonymous_5)
DA:1,1
DA:2,1
DA:3,1
DA:30,1
DA:31,4
DA:34,1
DA:42,2
DA:50,1
LF:8
LH:8
BRF:0
BRH:0
end_of_record
TN:
SF:src/streaming/kafka/topics/kafka.topics.ts
FNF:0
FNH:0
DA:1,5
LF:1
LH:1
BRF:0
BRH:0
end_of_record
