<?xml version="1.0" encoding="UTF-8"?>
<coverage generated="1774383029150" clover="3.2.0">
  <project timestamp="1774383029150" name="All files">
    <metrics statements="147" coveredstatements="139" conditionals="37" coveredconditionals="37" methods="35" coveredmethods="31" elements="219" coveredelements="207" complexity="0" loc="147" ncloc="147" packages="4" files="11" classes="11"/>
    <package name="charts">
      <metrics statements="36" coveredstatements="30" conditionals="8" coveredconditionals="8" methods="7" coveredmethods="7"/>
      <file name="charts.controller.ts" path="/Users/portable/Documents/GitHub/StellarSwipe-Backends/src/charts/charts.controller.ts">
        <metrics statements="10" coveredstatements="10" conditionals="0" coveredconditionals="0" methods="3" coveredmethods="3"/>
        <line num="1" count="1" type="stmt"/>
        <line num="2" count="1" type="stmt"/>
        <line num="3" count="1" type="stmt"/>
        <line num="4" count="1" type="stmt"/>
        <line num="7" count="1" type="stmt"/>
        <line num="8" count="6" type="stmt"/>
        <line num="16" count="1" type="stmt"/>
        <line num="20" count="3" type="stmt"/>
        <line num="28" count="1" type="stmt"/>
        <line num="32" count="3" type="stmt"/>
      </file>
      <file name="charts.module.ts" path="/Users/portable/Documents/GitHub/StellarSwipe-Backends/src/charts/charts.module.ts">
        <metrics statements="6" coveredstatements="0" conditionals="0" coveredconditionals="0" methods="0" coveredmethods="0"/>
        <line num="1" count="0" type="stmt"/>
        <line num="2" count="0" type="stmt"/>
        <line num="3" count="0" type="stmt"/>
        <line num="4" count="0" type="stmt"/>
        <line num="5" count="0" type="stmt"/>
        <line num="16" count="0" type="stmt"/>
      </file>
      <file name="charts.service.ts" path="/Users/portable/Documents/GitHub/StellarSwipe-Backends/src/charts/charts.service.ts">
        <metrics statements="20" coveredstatements="20" conditionals="8" coveredconditionals="8" methods="4" coveredmethods="4"/>
        <line num="1" count="2" type="stmt"/>
        <line num="2" count="2" type="stmt"/>
        <line num="3" count="2" type="stmt"/>
        <line num="4" count="2" type="stmt"/>
        <line num="20" count="2" type="stmt"/>
        <line num="21" count="11" type="stmt"/>
        <line num="24" count="11" type="stmt"/>
        <line num="25" count="11" type="stmt"/>
        <line num="29" count="5" type="cond" truecount="2" falsecount="0"/>
        <line num="30" count="5" type="cond" truecount="2" falsecount="0"/>
        <line num="32" count="5" type="stmt"/>
        <line num="34" count="5" type="stmt"/>
        <line num="36" count="5" type="stmt"/>
        <line num="47" count="6" type="cond" truecount="2" falsecount="0"/>
        <line num="48" count="6" type="cond" truecount="2" falsecount="0"/>
        <line num="50" count="6" type="stmt"/>
        <line num="52" count="6" type="stmt"/>
        <line num="53" count="6" type="stmt"/>
        <line num="55" count="6" type="stmt"/>
        <line num="61" count="6" type="stmt"/>
      </file>
    </package>
    <package name="charts.dto">
      <metrics statements="22" coveredstatements="20" conditionals="2" coveredconditionals="2" methods="5" coveredmethods="1"/>
      <file name="indicators-query.dto.ts" path="/Users/portable/Documents/GitHub/StellarSwipe-Backends/src/charts/dto/indicators-query.dto.ts">
        <metrics statements="7" coveredstatements="6" conditionals="0" coveredconditionals="0" methods="2" coveredmethods="0"/>
        <line num="1" count="1" type="stmt"/>
        <line num="2" count="1" type="stmt"/>
        <line num="3" count="1" type="stmt"/>
        <line num="5" count="1" type="stmt"/>
        <line num="8" count="1" type="stmt"/>
        <line num="14" count="0" type="stmt"/>
        <line num="15" count="1" type="stmt"/>
      </file>
      <file name="ohlcv-query.dto.ts" path="/Users/portable/Documents/GitHub/StellarSwipe-Backends/src/charts/dto/ohlcv-query.dto.ts">
        <metrics statements="15" coveredstatements="14" conditionals="2" coveredconditionals="2" methods="3" coveredmethods="1"/>
        <line num="1" count="4" type="stmt"/>
        <line num="2" count="4" type="stmt"/>
        <line num="4" count="4" type="cond" truecount="2" falsecount="0"/>
        <line num="5" count="4" type="stmt"/>
        <line num="6" count="4" type="stmt"/>
        <line num="7" count="4" type="stmt"/>
        <line num="8" count="4" type="stmt"/>
        <line num="9" count="4" type="stmt"/>
        <line num="10" count="4" type="stmt"/>
        <line num="11" count="4" type="stmt"/>
        <line num="14" count="4" type="stmt"/>
        <line num="24" count="4" type="stmt"/>
        <line num="27" count="4" type="stmt"/>
        <line num="33" count="0" type="stmt"/>
        <line num="34" count="4" type="stmt"/>
      </file>
    </package>
    <package name="charts.indicators">
      <metrics statements="53" coveredstatements="53" conditionals="26" coveredconditionals="26" methods="17" coveredmethods="17"/>
      <file name="ema.calculator.ts" path="/Users/portable/Documents/GitHub/StellarSwipe-Backends/src/charts/indicators/ema.calculator.ts">
        <metrics statements="11" coveredstatements="11" conditionals="4" coveredconditionals="4" methods="2" coveredmethods="2"/>
        <line num="1" count="5" type="stmt"/>
        <line num="8" count="70" type="cond" truecount="3" falsecount="0"/>
        <line num="10" count="65" type="stmt"/>
        <line num="11" count="65" type="stmt"/>
        <line num="13" count="65" type="cond" truecount="1" falsecount="0"/>
        <line num="17" count="942" type="stmt"/>
        <line num="18" count="60" type="stmt"/>
        <line num="20" count="60" type="stmt"/>
        <line num="21" count="60" type="stmt"/>
        <line num="22" count="1677" type="stmt"/>
        <line num="25" count="60" type="stmt"/>
      </file>
      <file name="macd.calculator.ts" path="/Users/portable/Documents/GitHub/StellarSwipe-Backends/src/charts/indicators/macd.calculator.ts">
        <metrics statements="22" coveredstatements="22" conditionals="9" coveredconditionals="9" methods="6" coveredmethods="6"/>
        <line num="1" count="4" type="stmt"/>
        <line num="9" count="4" type="stmt"/>
        <line num="10" count="18" type="stmt"/>
        <line num="19" count="17" type="cond" truecount="1" falsecount="0"/>
        <line num="21" count="15" type="stmt"/>
        <line num="22" count="15" type="stmt"/>
        <line num="24" count="15" type="stmt"/>
        <line num="25" count="745" type="cond" truecount="3" falsecount="0"/>
        <line num="26" count="370" type="stmt"/>
        <line num="30" count="15" type="stmt"/>
        <line num="31" count="15" type="stmt"/>
        <line num="32" count="15" type="stmt"/>
        <line num="33" count="745" type="cond" truecount="1" falsecount="0"/>
        <line num="34" count="370" type="stmt"/>
        <line num="35" count="370" type="stmt"/>
        <line num="39" count="15" type="stmt"/>
        <line num="40" count="15" type="stmt"/>
        <line num="41" count="15" type="stmt"/>
        <line num="42" count="370" type="stmt"/>
        <line num="45" count="15" type="stmt"/>
        <line num="46" count="745" type="stmt"/>
        <line num="47" count="745" type="stmt"/>
      </file>
      <file name="rsi.calculator.ts" path="/Users/portable/Documents/GitHub/StellarSwipe-Backends/src/charts/indicators/rsi.calculator.ts">
        <metrics statements="14" coveredstatements="14" conditionals="9" coveredconditionals="9" methods="6" coveredmethods="6"/>
        <line num="1" count="4" type="stmt"/>
        <line num="3" count="4" type="stmt"/>
        <line num="4" count="18" type="stmt"/>
        <line num="13" count="18" type="cond" truecount="1" falsecount="0"/>
        <line num="15" count="510" type="stmt"/>
        <line num="16" count="510" type="cond" truecount="2" falsecount="0"/>
        <line num="17" count="510" type="cond" truecount="2" falsecount="0"/>
        <line num="19" count="15" type="stmt"/>
        <line num="20" count="15" type="stmt"/>
        <line num="22" count="15" type="stmt"/>
        <line num="23" count="510" type="cond" truecount="3" falsecount="0"/>
        <line num="24" count="59" type="stmt"/>
        <line num="25" count="59" type="stmt"/>
        <line num="29" count="15" type="stmt"/>
      </file>
      <file name="sma.calculator.ts" path="/Users/portable/Documents/GitHub/StellarSwipe-Backends/src/charts/indicators/sma.calculator.ts">
        <metrics statements="6" coveredstatements="6" conditionals="4" coveredconditionals="4" methods="3" coveredmethods="3"/>
        <line num="1" count="5" type="stmt"/>
        <line num="7" count="56" type="cond" truecount="3" falsecount="0"/>
        <line num="9" count="51" type="stmt"/>
        <line num="10" count="1738" type="cond" truecount="1" falsecount="0"/>
        <line num="11" count="961" type="stmt"/>
        <line num="12" count="16265" type="stmt"/>
      </file>
    </package>
    <package name="charts.services">
      <metrics statements="36" coveredstatements="36" conditionals="1" coveredconditionals="1" methods="6" coveredmethods="6"/>
      <file name="indicator-calculator.service.ts" path="/Users/portable/Documents/GitHub/StellarSwipe-Backends/src/charts/services/indicator-calculator.service.ts">
        <metrics statements="24" coveredstatements="24" conditionals="1" coveredconditionals="1" methods="2" coveredmethods="2"/>
        <line num="1" count="3" type="stmt"/>
        <line num="2" count="3" type="stmt"/>
        <line num="4" count="3" type="stmt"/>
        <line num="5" count="3" type="stmt"/>
        <line num="6" count="3" type="stmt"/>
        <line num="7" count="3" type="stmt"/>
        <line num="18" count="3" type="stmt"/>
        <line num="19" count="3" type="stmt"/>
        <line num="22" count="3" type="stmt"/>
        <line num="23" count="8" type="stmt"/>
        <line num="24" count="8" type="stmt"/>
        <line num="25" count="8" type="stmt"/>
        <line num="26" count="8" type="stmt"/>
        <line num="27" count="8" type="stmt"/>
        <line num="29" count="8" type="stmt"/>
        <line num="36" count="8" type="stmt"/>
        <line num="38" count="8" type="stmt"/>
        <line num="39" count="8" type="cond" truecount="1" falsecount="0"/>
        <line num="40" count="1" type="stmt"/>
        <line num="41" count="1" type="stmt"/>
        <line num="44" count="7" type="stmt"/>
        <line num="53" count="7" type="stmt"/>
        <line num="54" count="7" type="stmt"/>
        <line num="56" count="7" type="stmt"/>
      </file>
      <file name="ohlcv-aggregator.service.ts" path="/Users/portable/Documents/GitHub/StellarSwipe-Backends/src/charts/services/ohlcv-aggregator.service.ts">
        <metrics statements="12" coveredstatements="12" conditionals="0" coveredconditionals="0" methods="4" coveredmethods="4"/>
        <line num="1" count="3" type="stmt"/>
        <line num="2" count="3" type="stmt"/>
        <line num="3" count="3" type="stmt"/>
        <line num="15" count="3" type="stmt"/>
        <line num="16" count="15" type="stmt"/>
        <line num="18" count="15" type="stmt"/>
        <line num="25" count="13" type="stmt"/>
        <line num="27" count="13" type="stmt"/>
        <line num="36" count="13" type="stmt"/>
        <line num="55" count="13" type="stmt"/>
        <line num="59" count="13" type="stmt"/>
        <line num="70" count="27" type="stmt"/>
      </file>
    </package>
  </project>
</coverage>
