{"/Users/portable/Documents/GitHub/StellarSwipe-Backends/src/charts/charts.controller.ts": {"path":"/Users/portable/Documents/GitHub/StellarSwipe-Backends/src/charts/charts.controller.ts","statementMap":{"0":{"start":{"line":1,"column":0},"end":{"line":1,"column":63}},"1":{"start":{"line":2,"column":0},"end":{"line":2,"column":49}},"2":{"start":{"line":3,"column":0},"end":{"line":3,"column":54}},"3":{"start":{"line":4,"column":0},"end":{"line":4,"column":64}},"4":{"start":{"line":7,"column":7},"end":{"line":34,"column":null}},"5":{"start":{"line":8,"column":31},"end":{"line":8,"column":46}},"6":{"start":{"line":20,"column":4},"end":{"line":20,"column":57}},"7":{"start":{"line":32,"column":4},"end":{"line":32,"column":62}},"8":{"start":{"line":7,"column":13},"end":{"line":7,"column":29}},"9":{"start":{"line":16,"column":8},"end":{"line":21,"column":null}},"10":{"start":{"line":28,"column":8},"end":{"line":33,"column":null}},"11":{"start":{"line":7,"column":13},"end":{"line":34,"column":null}}},"fnMap":{"0":{"name":"(anonymous_4)","decl":{"start":{"line":8,"column":2},"end":{"line":8,"column":31}},"loc":{"start":{"line":8,"column":59},"end":{"line":8,"column":63}}},"1":{"name":"(anonymous_5)","decl":{"start":{"line":16,"column":2},"end":{"line":16,"column":7}},"loc":{"start":{"line":18,"column":33},"end":{"line":21,"column":3}}},"2":{"name":"(anonymous_6)","decl":{"start":{"line":28,"column":2},"end":{"line":28,"column":7}},"loc":{"start":{"line":30,"column":38},"end":{"line":33,"column":3}}}},"branchMap":{},"s":{"0":1,"1":1,"2":1,"3":1,"4":1,"5":6,"6":3,"7":3,"8":1,"9":1,"10":1,"11":1},"f":{"0":6,"1":3,"2":3},"b":{}}
,"/Users/portable/Documents/GitHub/StellarSwipe-Backends/src/charts/charts.module.ts": {"path":"/Users/portable/Documents/GitHub/StellarSwipe-Backends/src/charts/charts.module.ts","statementMap":{"0":{"start":{"line":1,"column":0},"end":{"line":1,"column":40}},"1":{"start":{"line":2,"column":0},"end":{"line":2,"column":55}},"2":{"start":{"line":3,"column":0},"end":{"line":3,"column":49}},"3":{"start":{"line":4,"column":0},"end":{"line":4,"column":77}},"4":{"start":{"line":5,"column":0},"end":{"line":5,"column":85}},"5":{"start":{"line":16,"column":7},"end":{"line":16,"column":null}},"6":{"start":{"line":16,"column":13},"end":{"line":16,"column":25}},"7":{"start":{"line":16,"column":13},"end":{"line":16,"column":null}}},"fnMap":{},"branchMap":{},"s":{"0":0,"1":0,"2":0,"3":0,"4":0,"5":0,"6":0,"7":0},"f":{},"b":{}}
,"/Users/portable/Documents/GitHub/StellarSwipe-Backends/src/charts/charts.service.ts": {"path":"/Users/portable/Documents/GitHub/StellarSwipe-Backends/src/charts/charts.service.ts","statementMap":{"0":{"start":{"line":1,"column":0},"end":{"line":1,"column":52}},"1":{"start":{"line":2,"column":0},"end":{"line":2,"column":90}},"2":{"start":{"line":3,"column":0},"end":{"line":3,"column":103}},"3":{"start":{"line":4,"column":0},"end":{"line":4,"column":65}},"4":{"start":{"line":20,"column":26},"end":{"line":67,"column":null}},"5":{"start":{"line":24,"column":21},"end":{"line":24,"column":38}},"6":{"start":{"line":25,"column":21},"end":{"line":25,"column":42}},"7":{"start":{"line":21,"column":19},"end":{"line":21,"column":59}},"8":{"start":{"line":29,"column":22},"end":{"line":29,"column":59}},"9":{"start":{"line":30,"column":18},"end":{"line":30,"column":36}},"10":{"start":{"line":32,"column":4},"end":{"line":32,"column":87}},"11":{"start":{"line":34,"column":20},"end":{"line":34,"column":84}},"12":{"start":{"line":36,"column":4},"end":{"line":40,"column":6}},"13":{"start":{"line":47,"column":22},"end":{"line":47,"column":59}},"14":{"start":{"line":48,"column":18},"end":{"line":48,"column":36}},"15":{"start":{"line":50,"column":4},"end":{"line":50,"column":92}},"16":{"start":{"line":52,"column":20},"end":{"line":52,"column":84}},"17":{"start":{"line":53,"column":24},"end":{"line":53,"column":51}},"18":{"start":{"line":53,"column":43},"end":{"line":53,"column":50}},"19":{"start":{"line":55,"column":23},"end":{"line":58,"column":null}},"20":{"start":{"line":61,"column":4},"end":{"line":65,"column":6}},"21":{"start":{"line":20,"column":13},"end":{"line":20,"column":26}},"22":{"start":{"line":20,"column":13},"end":{"line":67,"column":null}}},"fnMap":{"0":{"name":"(anonymous_2)","decl":{"start":{"line":23,"column":2},"end":{"line":23,"column":null}},"loc":{"start":{"line":25,"column":68},"end":{"line":26,"column":6}}},"1":{"name":"(anonymous_3)","decl":{"start":{"line":28,"column":2},"end":{"line":28,"column":7}},"loc":{"start":{"line":28,"column":56},"end":{"line":41,"column":3}}},"2":{"name":"(anonymous_4)","decl":{"start":{"line":43,"column":2},"end":{"line":43,"column":7}},"loc":{"start":{"line":45,"column":29},"end":{"line":66,"column":3}}},"3":{"name":"(anonymous_5)","decl":{"start":{"line":53,"column":36},"end":{"line":53,"column":37}},"loc":{"start":{"line":53,"column":43},"end":{"line":53,"column":50}}}},"branchMap":{"0":{"loc":{"start":{"line":29,"column":22},"end":{"line":29,"column":59}},"type":"binary-expr","locations":[{"start":{"line":29,"column":22},"end":{"line":29,"column":37}},{"start":{"line":29,"column":41},"end":{"line":29,"column":59}}]},"1":{"loc":{"start":{"line":30,"column":18},"end":{"line":30,"column":36}},"type":"binary-expr","locations":[{"start":{"line":30,"column":18},"end":{"line":30,"column":29}},{"start":{"line":30,"column":33},"end":{"line":30,"column":36}}]},"2":{"loc":{"start":{"line":47,"column":22},"end":{"line":47,"column":59}},"type":"binary-expr","locations":[{"start":{"line":47,"column":22},"end":{"line":47,"column":37}},{"start":{"line":47,"column":41},"end":{"line":47,"column":59}}]},"3":{"loc":{"start":{"line":48,"column":18},"end":{"line":48,"column":36}},"type":"binary-expr","locations":[{"start":{"line":48,"column":18},"end":{"line":48,"column":29}},{"start":{"line":48,"column":33},"end":{"line":48,"column":36}}]}},"s":{"0":2,"1":2,"2":2,"3":2,"4":2,"5":11,"6":11,"7":11,"8":5,"9":5,"10":5,"11":5,"12":5,"13":6,"14":6,"15":6,"16":6,"17":6,"18":6,"19":6,"20":6,"21":2,"22":2},"f":{"0":11,"1":5,"2":6,"3":6},"b":{"0":[5,3],"1":[5,3],"2":[6,4],"3":[6,5]}}
,"/Users/portable/Documents/GitHub/StellarSwipe-Backends/src/charts/dto/indicators-query.dto.ts": {"path":"/Users/portable/Documents/GitHub/StellarSwipe-Backends/src/charts/dto/indicators-query.dto.ts","statementMap":{"0":{"start":{"line":1,"column":0},"end":{"line":1,"column":70}},"1":{"start":{"line":2,"column":0},"end":{"line":2,"column":41}},"2":{"start":{"line":3,"column":0},"end":{"line":3,"column":46}},"3":{"start":{"line":8,"column":2},"end":{"line":8,"column":45}},"4":{"start":{"line":15,"column":2},"end":{"line":15,"column":23}},"5":{"start":{"line":5,"column":0},"end":{"line":5,"column":13}},"6":{"start":{"line":8,"column":2},"end":{"line":8,"column":null}},"7":{"start":{"line":15,"column":2},"end":{"line":15,"column":null}},"8":{"start":{"line":14,"column":14},"end":{"line":14,"column":20}}},"fnMap":{"0":{"name":"(anonymous_2)","decl":{"start":{"line":5,"column":0},"end":{"line":5,"column":13}},"loc":{"start":{"line":5,"column":0},"end":{"line":16,"column":1}}},"1":{"name":"(anonymous_3)","decl":{"start":{"line":14,"column":8},"end":{"line":14,"column":11}},"loc":{"start":{"line":14,"column":14},"end":{"line":14,"column":20}}}},"branchMap":{},"s":{"0":1,"1":1,"2":1,"3":0,"4":0,"5":1,"6":1,"7":1,"8":0},"f":{"0":0,"1":0},"b":{}}
,"/Users/portable/Documents/GitHub/StellarSwipe-Backends/src/charts/dto/ohlcv-query.dto.ts": {"path":"/Users/portable/Documents/GitHub/StellarSwipe-Backends/src/charts/dto/ohlcv-query.dto.ts","statementMap":{"0":{"start":{"line":1,"column":0},"end":{"line":1,"column":70}},"1":{"start":{"line":2,"column":0},"end":{"line":2,"column":41}},"2":{"start":{"line":4,"column":0},"end":{"line":4,"column":null}},"3":{"start":{"line":5,"column":2},"end":{"line":5,"column":null}},"4":{"start":{"line":6,"column":2},"end":{"line":6,"column":null}},"5":{"start":{"line":7,"column":2},"end":{"line":7,"column":null}},"6":{"start":{"line":8,"column":2},"end":{"line":8,"column":null}},"7":{"start":{"line":9,"column":2},"end":{"line":9,"column":null}},"8":{"start":{"line":10,"column":2},"end":{"line":10,"column":null}},"9":{"start":{"line":11,"column":2},"end":{"line":11,"column":null}},"10":{"start":{"line":14,"column":13},"end":{"line":22,"column":2}},"11":{"start":{"line":27,"column":2},"end":{"line":27,"column":45}},"12":{"start":{"line":34,"column":2},"end":{"line":34,"column":23}},"13":{"start":{"line":24,"column":0},"end":{"line":24,"column":13}},"14":{"start":{"line":27,"column":2},"end":{"line":27,"column":null}},"15":{"start":{"line":34,"column":2},"end":{"line":34,"column":null}},"16":{"start":{"line":33,"column":14},"end":{"line":33,"column":20}}},"fnMap":{"0":{"name":"(anonymous_2)","decl":{"start":{"line":4,"column":0},"end":{"line":4,"column":12}},"loc":{"start":{"line":4,"column":21},"end":{"line":12,"column":1}}},"1":{"name":"(anonymous_3)","decl":{"start":{"line":24,"column":0},"end":{"line":24,"column":13}},"loc":{"start":{"line":24,"column":0},"end":{"line":35,"column":1}}},"2":{"name":"(anonymous_4)","decl":{"start":{"line":33,"column":8},"end":{"line":33,"column":11}},"loc":{"start":{"line":33,"column":14},"end":{"line":33,"column":20}}}},"branchMap":{"0":{"loc":{"start":{"line":4,"column":12},"end":{"line":4,"column":null}},"type":"binary-expr","locations":[{"start":{"line":4,"column":12},"end":{"line":4,"column":21}},{"start":{"line":4,"column":21},"end":{"line":4,"column":null}}]}},"s":{"0":4,"1":4,"2":4,"3":4,"4":4,"5":4,"6":4,"7":4,"8":4,"9":4,"10":4,"11":0,"12":0,"13":4,"14":4,"15":4,"16":0},"f":{"0":4,"1":0,"2":0},"b":{"0":[4,4]}}
,"/Users/portable/Documents/GitHub/StellarSwipe-Backends/src/charts/indicators/ema.calculator.ts": {"path":"/Users/portable/Documents/GitHub/StellarSwipe-Backends/src/charts/indicators/ema.calculator.ts","statementMap":{"0":{"start":{"line":8,"column":4},"end":{"line":8,"column":54}},"1":{"start":{"line":8,"column":44},"end":{"line":8,"column":54}},"2":{"start":{"line":10,"column":38},"end":{"line":10,"column":73}},"3":{"start":{"line":11,"column":22},"end":{"line":11,"column":32}},"4":{"start":{"line":13,"column":4},"end":{"line":13,"column":50}},"5":{"start":{"line":13,"column":36},"end":{"line":13,"column":50}},"6":{"start":{"line":17,"column":6},"end":{"line":17,"column":65}},"7":{"start":{"line":17,"column":47},"end":{"line":17,"column":52}},"8":{"start":{"line":18,"column":4},"end":{"line":18,"column":34}},"9":{"start":{"line":20,"column":14},"end":{"line":20,"column":30}},"10":{"start":{"line":21,"column":4},"end":{"line":23,"column":5}},"11":{"start":{"line":21,"column":17},"end":{"line":21,"column":30}},"12":{"start":{"line":22,"column":6},"end":{"line":22,"column":70}},"13":{"start":{"line":25,"column":4},"end":{"line":25,"column":18}},"14":{"start":{"line":1,"column":0},"end":{"line":1,"column":13}}},"fnMap":{"0":{"name":"(anonymous_0)","decl":{"start":{"line":7,"column":2},"end":{"line":7,"column":11}},"loc":{"start":{"line":7,"column":44},"end":{"line":26,"column":3}}},"1":{"name":"(anonymous_1)","decl":{"start":{"line":17,"column":37},"end":{"line":17,"column":38}},"loc":{"start":{"line":17,"column":47},"end":{"line":17,"column":52}}}},"branchMap":{"0":{"loc":{"start":{"line":8,"column":4},"end":{"line":8,"column":54}},"type":"if","locations":[{"start":{"line":8,"column":4},"end":{"line":8,"column":54}}]},"1":{"loc":{"start":{"line":8,"column":8},"end":{"line":8,"column":42}},"type":"binary-expr","locations":[{"start":{"line":8,"column":8},"end":{"line":8,"column":19}},{"start":{"line":8,"column":23},"end":{"line":8,"column":42}}]},"2":{"loc":{"start":{"line":13,"column":4},"end":{"line":13,"column":50}},"type":"if","locations":[{"start":{"line":13,"column":4},"end":{"line":13,"column":50}}]}},"s":{"0":70,"1":5,"2":65,"3":65,"4":65,"5":5,"6":60,"7":942,"8":60,"9":60,"10":60,"11":60,"12":1677,"13":60,"14":5},"f":{"0":70,"1":942},"b":{"0":[5],"1":[70,68],"2":[5]}}
,"/Users/portable/Documents/GitHub/StellarSwipe-Backends/src/charts/indicators/macd.calculator.ts": {"path":"/Users/portable/Documents/GitHub/StellarSwipe-Backends/src/charts/indicators/macd.calculator.ts","statementMap":{"0":{"start":{"line":1,"column":0},"end":{"line":1,"column":49}},"1":{"start":{"line":10,"column":19},"end":{"line":10,"column":49}},"2":{"start":{"line":19,"column":4},"end":{"line":19,"column":39}},"3":{"start":{"line":19,"column":29},"end":{"line":19,"column":39}},"4":{"start":{"line":21,"column":18},"end":{"line":21,"column":52}},"5":{"start":{"line":22,"column":18},"end":{"line":22,"column":52}},"6":{"start":{"line":24,"column":40},"end":{"line":27,"column":6}},"7":{"start":{"line":25,"column":6},"end":{"line":25,"column":55}},"8":{"start":{"line":25,"column":43},"end":{"line":25,"column":55}},"9":{"start":{"line":26,"column":6},"end":{"line":26,"column":38}},"10":{"start":{"line":30,"column":34},"end":{"line":30,"column":36}},"11":{"start":{"line":31,"column":37},"end":{"line":31,"column":39}},"12":{"start":{"line":32,"column":4},"end":{"line":37,"column":7}},"13":{"start":{"line":33,"column":6},"end":{"line":36,"column":7}},"14":{"start":{"line":34,"column":8},"end":{"line":34,"column":28}},"15":{"start":{"line":35,"column":8},"end":{"line":35,"column":31}},"16":{"start":{"line":39,"column":28},"end":{"line":39,"column":66}},"17":{"start":{"line":40,"column":42},"end":{"line":40,"column":77}},"18":{"start":{"line":41,"column":4},"end":{"line":43,"column":7}},"19":{"start":{"line":42,"column":6},"end":{"line":42,"column":47}},"20":{"start":{"line":45,"column":4},"end":{"line":53,"column":7}},"21":{"start":{"line":46,"column":21},"end":{"line":46,"column":34}},"22":{"start":{"line":47,"column":6},"end":{"line":52,"column":8}},"23":{"start":{"line":9,"column":0},"end":{"line":9,"column":13}}},"fnMap":{"0":{"name":"(anonymous_0)","decl":{"start":{"line":9,"column":0},"end":{"line":9,"column":13}},"loc":{"start":{"line":9,"column":0},"end":{"line":55,"column":1}}},"1":{"name":"(anonymous_1)","decl":{"start":{"line":18,"column":2},"end":{"line":18,"column":11}},"loc":{"start":{"line":18,"column":28},"end":{"line":54,"column":3}}},"2":{"name":"(anonymous_2)","decl":{"start":{"line":24,"column":50},"end":{"line":24,"column":51}},"loc":{"start":{"line":24,"column":59},"end":{"line":27,"column":5}}},"3":{"name":"(anonymous_3)","decl":{"start":{"line":32,"column":21},"end":{"line":32,"column":22}},"loc":{"start":{"line":32,"column":30},"end":{"line":37,"column":5}}},"4":{"name":"(anonymous_4)","decl":{"start":{"line":41,"column":27},"end":{"line":41,"column":28}},"loc":{"start":{"line":41,"column":42},"end":{"line":43,"column":5}}},"5":{"name":"(anonymous_5)","decl":{"start":{"line":45,"column":24},"end":{"line":45,"column":25}},"loc":{"start":{"line":45,"column":36},"end":{"line":53,"column":5}}}},"branchMap":{"0":{"loc":{"start":{"line":19,"column":4},"end":{"line":19,"column":39}},"type":"if","locations":[{"start":{"line":19,"column":4},"end":{"line":19,"column":39}}]},"1":{"loc":{"start":{"line":25,"column":6},"end":{"line":25,"column":55}},"type":"if","locations":[{"start":{"line":25,"column":6},"end":{"line":25,"column":55}}]},"2":{"loc":{"start":{"line":25,"column":10},"end":{"line":25,"column":41}},"type":"binary-expr","locations":[{"start":{"line":25,"column":10},"end":{"line":25,"column":20}},{"start":{"line":25,"column":24},"end":{"line":25,"column":41}}]},"3":{"loc":{"start":{"line":33,"column":6},"end":{"line":36,"column":7}},"type":"if","locations":[{"start":{"line":33,"column":6},"end":{"line":36,"column":7}}]},"4":{"loc":{"start":{"line":51,"column":10},"end":{"line":51,"column":65}},"type":"cond-expr","locations":[{"start":{"line":51,"column":45},"end":{"line":51,"column":58}},{"start":{"line":51,"column":61},"end":{"line":51,"column":65}}]},"5":{"loc":{"start":{"line":51,"column":10},"end":{"line":51,"column":42}},"type":"binary-expr","locations":[{"start":{"line":51,"column":10},"end":{"line":51,"column":23}},{"start":{"line":51,"column":27},"end":{"line":51,"column":42}}]}},"s":{"0":4,"1":18,"2":17,"3":2,"4":15,"5":15,"6":15,"7":745,"8":375,"9":370,"10":15,"11":15,"12":15,"13":745,"14":370,"15":370,"16":15,"17":15,"18":15,"19":370,"20":15,"21":745,"22":745,"23":4},"f":{"0":18,"1":17,"2":745,"3":745,"4":370,"5":745},"b":{"0":[2],"1":[375],"2":[745,580],"3":[370],"4":[259,486],"5":[745,370]}}
,"/Users/portable/Documents/GitHub/StellarSwipe-Backends/src/charts/indicators/rsi.calculator.ts": {"path":"/Users/portable/Documents/GitHub/StellarSwipe-Backends/src/charts/indicators/rsi.calculator.ts","statementMap":{"0":{"start":{"line":1,"column":0},"end":{"line":1,"column":49}},"1":{"start":{"line":4,"column":19},"end":{"line":4,"column":49}},"2":{"start":{"line":13,"column":4},"end":{"line":13,"column":70}},"3":{"start":{"line":13,"column":27},"end":{"line":13,"column":70}},"4":{"start":{"line":15,"column":20},"end":{"line":15,"column":64}},"5":{"start":{"line":15,"column":50},"end":{"line":15,"column":63}},"6":{"start":{"line":16,"column":18},"end":{"line":16,"column":53}},"7":{"start":{"line":16,"column":38},"end":{"line":16,"column":51}},"8":{"start":{"line":17,"column":19},"end":{"line":17,"column":55}},"9":{"start":{"line":17,"column":39},"end":{"line":17,"column":53}},"10":{"start":{"line":19,"column":21},"end":{"line":19,"column":58}},"11":{"start":{"line":20,"column":22},"end":{"line":20,"column":60}},"12":{"start":{"line":22,"column":22},"end":{"line":26,"column":6}},"13":{"start":{"line":23,"column":6},"end":{"line":23,"column":46}},"14":{"start":{"line":23,"column":34},"end":{"line":23,"column":46}},"15":{"start":{"line":24,"column":17},"end":{"line":24,"column":48}},"16":{"start":{"line":25,"column":6},"end":{"line":25,"column":34}},"17":{"start":{"line":29,"column":4},"end":{"line":29,"column":32}},"18":{"start":{"line":3,"column":0},"end":{"line":3,"column":13}}},"fnMap":{"0":{"name":"(anonymous_0)","decl":{"start":{"line":3,"column":0},"end":{"line":3,"column":13}},"loc":{"start":{"line":3,"column":0},"end":{"line":31,"column":1}}},"1":{"name":"(anonymous_1)","decl":{"start":{"line":12,"column":2},"end":{"line":12,"column":11}},"loc":{"start":{"line":12,"column":41},"end":{"line":30,"column":3}}},"2":{"name":"(anonymous_2)","decl":{"start":{"line":15,"column":40},"end":{"line":15,"column":41}},"loc":{"start":{"line":15,"column":50},"end":{"line":15,"column":63}}},"3":{"name":"(anonymous_3)","decl":{"start":{"line":16,"column":30},"end":{"line":16,"column":31}},"loc":{"start":{"line":16,"column":38},"end":{"line":16,"column":51}}},"4":{"name":"(anonymous_4)","decl":{"start":{"line":17,"column":31},"end":{"line":17,"column":32}},"loc":{"start":{"line":17,"column":39},"end":{"line":17,"column":53}}},"5":{"name":"(anonymous_5)","decl":{"start":{"line":22,"column":35},"end":{"line":22,"column":36}},"loc":{"start":{"line":22,"column":62},"end":{"line":26,"column":5}}}},"branchMap":{"0":{"loc":{"start":{"line":12,"column":30},"end":{"line":12,"column":41}},"type":"default-arg","locations":[{"start":{"line":12,"column":39},"end":{"line":12,"column":41}}]},"1":{"loc":{"start":{"line":13,"column":4},"end":{"line":13,"column":70}},"type":"if","locations":[{"start":{"line":13,"column":4},"end":{"line":13,"column":70}}]},"2":{"loc":{"start":{"line":16,"column":38},"end":{"line":16,"column":51}},"type":"cond-expr","locations":[{"start":{"line":16,"column":46},"end":{"line":16,"column":47}},{"start":{"line":16,"column":50},"end":{"line":16,"column":51}}]},"3":{"loc":{"start":{"line":17,"column":39},"end":{"line":17,"column":53}},"type":"cond-expr","locations":[{"start":{"line":17,"column":47},"end":{"line":17,"column":49}},{"start":{"line":17,"column":52},"end":{"line":17,"column":53}}]},"4":{"loc":{"start":{"line":23,"column":6},"end":{"line":23,"column":46}},"type":"if","locations":[{"start":{"line":23,"column":6},"end":{"line":23,"column":46}}]},"5":{"loc":{"start":{"line":23,"column":10},"end":{"line":23,"column":32}},"type":"binary-expr","locations":[{"start":{"line":23,"column":10},"end":{"line":23,"column":15}},{"start":{"line":23,"column":19},"end":{"line":23,"column":32}}]}},"s":{"0":4,"1":18,"2":18,"3":3,"4":15,"5":510,"6":15,"7":510,"8":15,"9":510,"10":15,"11":15,"12":15,"13":510,"14":451,"15":59,"16":59,"17":15,"18":4},"f":{"0":18,"1":18,"2":510,"3":510,"4":510,"5":510},"b":{"0":[5],"1":[3],"2":[448,62],"3":[49,461],"4":[451],"5":[510,332]}}
,"/Users/portable/Documents/GitHub/StellarSwipe-Backends/src/charts/indicators/sma.calculator.ts": {"path":"/Users/portable/Documents/GitHub/StellarSwipe-Backends/src/charts/indicators/sma.calculator.ts","statementMap":{"0":{"start":{"line":7,"column":4},"end":{"line":7,"column":54}},"1":{"start":{"line":7,"column":44},"end":{"line":7,"column":54}},"2":{"start":{"line":9,"column":4},"end":{"line":13,"column":7}},"3":{"start":{"line":10,"column":6},"end":{"line":10,"column":40}},"4":{"start":{"line":10,"column":28},"end":{"line":10,"column":40}},"5":{"start":{"line":11,"column":20},"end":{"line":11,"column":59}},"6":{"start":{"line":12,"column":6},"end":{"line":12,"column":55}},"7":{"start":{"line":12,"column":36},"end":{"line":12,"column":41}},"8":{"start":{"line":1,"column":0},"end":{"line":1,"column":13}}},"fnMap":{"0":{"name":"(anonymous_0)","decl":{"start":{"line":6,"column":2},"end":{"line":6,"column":11}},"loc":{"start":{"line":6,"column":44},"end":{"line":14,"column":3}}},"1":{"name":"(anonymous_1)","decl":{"start":{"line":9,"column":22},"end":{"line":9,"column":23}},"loc":{"start":{"line":9,"column":33},"end":{"line":13,"column":5}}},"2":{"name":"(anonymous_2)","decl":{"start":{"line":12,"column":26},"end":{"line":12,"column":27}},"loc":{"start":{"line":12,"column":36},"end":{"line":12,"column":41}}}},"branchMap":{"0":{"loc":{"start":{"line":7,"column":4},"end":{"line":7,"column":54}},"type":"if","locations":[{"start":{"line":7,"column":4},"end":{"line":7,"column":54}}]},"1":{"loc":{"start":{"line":7,"column":8},"end":{"line":7,"column":42}},"type":"binary-expr","locations":[{"start":{"line":7,"column":8},"end":{"line":7,"column":19}},{"start":{"line":7,"column":23},"end":{"line":7,"column":42}}]},"2":{"loc":{"start":{"line":10,"column":6},"end":{"line":10,"column":40}},"type":"if","locations":[{"start":{"line":10,"column":6},"end":{"line":10,"column":40}}]}},"s":{"0":56,"1":5,"2":51,"3":1738,"4":777,"5":961,"6":961,"7":16265,"8":5},"f":{"0":56,"1":1738,"2":16265},"b":{"0":[5],"1":[56,54],"2":[777]}}
,"/Users/portable/Documents/GitHub/StellarSwipe-Backends/src/charts/services/indicator-calculator.service.ts": {"path":"/Users/portable/Documents/GitHub/StellarSwipe-Backends/src/charts/services/indicator-calculator.service.ts","statementMap":{"0":{"start":{"line":1,"column":0},"end":{"line":1,"column":60}},"1":{"start":{"line":2,"column":0},"end":{"line":2,"column":54}},"2":{"start":{"line":4,"column":0},"end":{"line":4,"column":61}},"3":{"start":{"line":5,"column":0},"end":{"line":5,"column":61}},"4":{"start":{"line":6,"column":0},"end":{"line":6,"column":61}},"5":{"start":{"line":7,"column":0},"end":{"line":7,"column":74}},"6":{"start":{"line":18,"column":31},"end":{"line":18,"column":44}},"7":{"start":{"line":19,"column":21},"end":{"line":19,"column":54}},"8":{"start":{"line":22,"column":39},"end":{"line":58,"column":null}},"9":{"start":{"line":29,"column":54},"end":{"line":29,"column":73}},"10":{"start":{"line":23,"column":19},"end":{"line":23,"column":72}},"11":{"start":{"line":24,"column":19},"end":{"line":24,"column":49}},"12":{"start":{"line":25,"column":19},"end":{"line":25,"column":49}},"13":{"start":{"line":26,"column":19},"end":{"line":26,"column":49}},"14":{"start":{"line":27,"column":19},"end":{"line":27,"column":51}},"15":{"start":{"line":36,"column":21},"end":{"line":36,"column":85}},"16":{"start":{"line":38,"column":19},"end":{"line":38,"column":74}},"17":{"start":{"line":39,"column":4},"end":{"line":42,"column":5}},"18":{"start":{"line":40,"column":6},"end":{"line":40,"column":65}},"19":{"start":{"line":41,"column":6},"end":{"line":41,"column":20}},"20":{"start":{"line":44,"column":37},"end":{"line":51,"column":6}},"21":{"start":{"line":53,"column":4},"end":{"line":53,"column":74}},"22":{"start":{"line":54,"column":4},"end":{"line":54,"column":56}},"23":{"start":{"line":56,"column":4},"end":{"line":56,"column":18}},"24":{"start":{"line":22,"column":13},"end":{"line":22,"column":39}},"25":{"start":{"line":22,"column":13},"end":{"line":58,"column":null}}},"fnMap":{"0":{"name":"(anonymous_4)","decl":{"start":{"line":29,"column":2},"end":{"line":29,"column":15}},"loc":{"start":{"line":29,"column":73},"end":{"line":29,"column":77}}},"1":{"name":"(anonymous_5)","decl":{"start":{"line":31,"column":2},"end":{"line":31,"column":7}},"loc":{"start":{"line":34,"column":21},"end":{"line":57,"column":3}}}},"branchMap":{"0":{"loc":{"start":{"line":39,"column":4},"end":{"line":42,"column":5}},"type":"if","locations":[{"start":{"line":39,"column":4},"end":{"line":42,"column":5}}]}},"s":{"0":3,"1":3,"2":3,"3":3,"4":3,"5":3,"6":3,"7":3,"8":3,"9":8,"10":8,"11":8,"12":8,"13":8,"14":8,"15":8,"16":8,"17":8,"18":1,"19":1,"20":7,"21":7,"22":7,"23":7,"24":3,"25":3},"f":{"0":8,"1":8},"b":{"0":[1]}}
,"/Users/portable/Documents/GitHub/StellarSwipe-Backends/src/charts/services/ohlcv-aggregator.service.ts": {"path":"/Users/portable/Documents/GitHub/StellarSwipe-Backends/src/charts/services/ohlcv-aggregator.service.ts","statementMap":{"0":{"start":{"line":1,"column":0},"end":{"line":1,"column":52}},"1":{"start":{"line":2,"column":0},"end":{"line":2,"column":37}},"2":{"start":{"line":3,"column":0},"end":{"line":3,"column":70}},"3":{"start":{"line":15,"column":35},"end":{"line":72,"column":null}},"4":{"start":{"line":18,"column":31},"end":{"line":18,"column":43}},"5":{"start":{"line":16,"column":19},"end":{"line":16,"column":68}},"6":{"start":{"line":25,"column":25},"end":{"line":25,"column":59}},"7":{"start":{"line":27,"column":25},"end":{"line":27,"column":49}},"8":{"start":{"line":36,"column":9},"end":{"line":52,"column":null}},"9":{"start":{"line":55,"column":4},"end":{"line":57,"column":6}},"10":{"start":{"line":59,"column":4},"end":{"line":66,"column":8}},"11":{"start":{"line":59,"column":30},"end":{"line":66,"column":6}},"12":{"start":{"line":70,"column":4},"end":{"line":70,"column":40}},"13":{"start":{"line":15,"column":13},"end":{"line":15,"column":35}},"14":{"start":{"line":15,"column":13},"end":{"line":72,"column":null}}},"fnMap":{"0":{"name":"(anonymous_2)","decl":{"start":{"line":18,"column":2},"end":{"line":18,"column":31}},"loc":{"start":{"line":18,"column":53},"end":{"line":18,"column":57}}},"1":{"name":"(anonymous_3)","decl":{"start":{"line":20,"column":2},"end":{"line":20,"column":7}},"loc":{"start":{"line":23,"column":17},"end":{"line":67,"column":3}}},"2":{"name":"(anonymous_4)","decl":{"start":{"line":59,"column":20},"end":{"line":59,"column":21}},"loc":{"start":{"line":59,"column":30},"end":{"line":66,"column":6}}},"3":{"name":"(anonymous_5)","decl":{"start":{"line":69,"column":2},"end":{"line":69,"column":20}},"loc":{"start":{"line":69,"column":41},"end":{"line":71,"column":3}}}},"branchMap":{},"s":{"0":3,"1":3,"2":3,"3":3,"4":15,"5":15,"6":13,"7":13,"8":13,"9":13,"10":13,"11":3,"12":27,"13":3,"14":3},"f":{"0":15,"1":13,"2":3,"3":27},"b":{}}
}
