TN:
SF:src/charts/charts.controller.ts
FN:8,(anonymous_4)
FN:16,(anonymous_5)
FN:28,(anonymous_6)
FNF:3
FNH:3
FNDA:6,(anonymous_4)
FNDA:3,(anonymous_5)
FNDA:3,(anonymous_6)
DA:1,1
DA:2,1
DA:3,1
DA:4,1
DA:7,1
DA:8,6
DA:16,1
DA:20,3
DA:28,1
DA:32,3
LF:10
LH:10
BRF:0
BRH:0
end_of_record
TN:
SF:src/charts/charts.module.ts
FNF:0
FNH:0
DA:1,0
DA:2,0
DA:3,0
DA:4,0
DA:5,0
DA:16,0
LF:6
LH:0
BRF:0
BRH:0
end_of_record
TN:
SF:src/charts/charts.service.ts
FN:23,(anonymous_2)
FN:28,(anonymous_3)
FN:43,(anonymous_4)
FN:53,(anonymous_5)
FNF:4
FNH:4
FNDA:11,(anonymous_2)
FNDA:5,(anonymous_3)
FNDA:6,(anonymous_4)
FNDA:6,(anonymous_5)
DA:1,2
DA:2,2
DA:3,2
DA:4,2
DA:20,2
DA:21,11
DA:24,11
DA:25,11
DA:29,5
DA:30,5
DA:32,5
DA:34,5
DA:36,5
DA:47,6
DA:48,6
DA:50,6
DA:52,6
DA:53,6
DA:55,6
DA:61,6
LF:20
LH:20
BRDA:29,0,0,5
BRDA:29,0,1,3
BRDA:30,1,0,5
BRDA:30,1,1,3
BRDA:47,2,0,6
BRDA:47,2,1,4
BRDA:48,3,0,6
BRDA:48,3,1,5
BRF:8
BRH:8
end_of_record
TN:
SF:src/charts/dto/indicators-query.dto.ts
FN:5,(anonymous_2)
FN:14,(anonymous_3)
FNF:2
FNH:0
FNDA:0,(anonymous_2)
FNDA:0,(anonymous_3)
DA:1,1
DA:2,1
DA:3,1
DA:5,1
DA:8,1
DA:14,0
DA:15,1
LF:7
LH:6
BRF:0
BRH:0
end_of_record
TN:
SF:src/charts/dto/ohlcv-query.dto.ts
FN:4,(anonymous_2)
FN:24,(anonymous_3)
FN:33,(anonymous_4)
FNF:3
FNH:1
FNDA:4,(anonymous_2)
FNDA:0,(anonymous_3)
FNDA:0,(anonymous_4)
DA:1,4
DA:2,4
DA:4,4
DA:5,4
DA:6,4
DA:7,4
DA:8,4
DA:9,4
DA:10,4
DA:11,4
DA:14,4
DA:24,4
DA:27,4
DA:33,0
DA:34,4
LF:15
LH:14
BRDA:4,0,0,4
BRDA:4,0,1,4
BRF:2
BRH:2
end_of_record
TN:
SF:src/charts/indicators/ema.calculator.ts
FN:7,(anonymous_0)
FN:17,(anonymous_1)
FNF:2
FNH:2
FNDA:70,(anonymous_0)
FNDA:942,(anonymous_1)
DA:1,5
DA:8,70
DA:10,65
DA:11,65
DA:13,65
DA:17,942
DA:18,60
DA:20,60
DA:21,60
DA:22,1677
DA:25,60
LF:11
LH:11
BRDA:8,0,0,5
BRDA:8,1,0,70
BRDA:8,1,1,68
BRDA:13,2,0,5
BRF:4
BRH:4
end_of_record
TN:
SF:src/charts/indicators/macd.calculator.ts
FN:9,(anonymous_0)
FN:18,(anonymous_1)
FN:24,(anonymous_2)
FN:32,(anonymous_3)
FN:41,(anonymous_4)
FN:45,(anonymous_5)
FNF:6
FNH:6
FNDA:18,(anonymous_0)
FNDA:17,(anonymous_1)
FNDA:745,(anonymous_2)
FNDA:745,(anonymous_3)
FNDA:370,(anonymous_4)
FNDA:745,(anonymous_5)
DA:1,4
DA:9,4
DA:10,18
DA:19,17
DA:21,15
DA:22,15
DA:24,15
DA:25,745
DA:26,370
DA:30,15
DA:31,15
DA:32,15
DA:33,745
DA:34,370
DA:35,370
DA:39,15
DA:40,15
DA:41,15
DA:42,370
DA:45,15
DA:46,745
DA:47,745
LF:22
LH:22
BRDA:19,0,0,2
BRDA:25,1,0,375
BRDA:25,2,0,745
BRDA:25,2,1,580
BRDA:33,3,0,370
BRDA:51,4,0,259
BRDA:51,4,1,486
BRDA:51,5,0,745
BRDA:51,5,1,370
BRF:9
BRH:9
end_of_record
TN:
SF:src/charts/indicators/rsi.calculator.ts
FN:3,(anonymous_0)
FN:12,(anonymous_1)
FN:15,(anonymous_2)
FN:16,(anonymous_3)
FN:17,(anonymous_4)
FN:22,(anonymous_5)
FNF:6
FNH:6
FNDA:18,(anonymous_0)
FNDA:18,(anonymous_1)
FNDA:510,(anonymous_2)
FNDA:510,(anonymous_3)
FNDA:510,(anonymous_4)
FNDA:510,(anonymous_5)
DA:1,4
DA:3,4
DA:4,18
DA:13,18
DA:15,510
DA:16,510
DA:17,510
DA:19,15
DA:20,15
DA:22,15
DA:23,510
DA:24,59
DA:25,59
DA:29,15
LF:14
LH:14
BRDA:12,0,0,5
BRDA:13,1,0,3
BRDA:16,2,0,448
BRDA:16,2,1,62
BRDA:17,3,0,49
BRDA:17,3,1,461
BRDA:23,4,0,451
BRDA:23,5,0,510
BRDA:23,5,1,332
BRF:9
BRH:9
end_of_record
TN:
SF:src/charts/indicators/sma.calculator.ts
FN:6,(anonymous_0)
FN:9,(anonymous_1)
FN:12,(anonymous_2)
FNF:3
FNH:3
FNDA:56,(anonymous_0)
FNDA:1738,(anonymous_1)
FNDA:16265,(anonymous_2)
DA:1,5
DA:7,56
DA:9,51
DA:10,1738
DA:11,961
DA:12,16265
LF:6
LH:6
BRDA:7,0,0,5
BRDA:7,1,0,56
BRDA:7,1,1,54
BRDA:10,2,0,777
BRF:4
BRH:4
end_of_record
TN:
SF:src/charts/services/indicator-calculator.service.ts
FN:29,(anonymous_4)
FN:31,(anonymous_5)
FNF:2
FNH:2
FNDA:8,(anonymous_4)
FNDA:8,(anonymous_5)
DA:1,3
DA:2,3
DA:4,3
DA:5,3
DA:6,3
DA:7,3
DA:18,3
DA:19,3
DA:22,3
DA:23,8
DA:24,8
DA:25,8
DA:26,8
DA:27,8
DA:29,8
DA:36,8
DA:38,8
DA:39,8
DA:40,1
DA:41,1
DA:44,7
DA:53,7
DA:54,7
DA:56,7
LF:24
LH:24
BRDA:39,0,0,1
BRF:1
BRH:1
end_of_record
TN:
SF:src/charts/services/ohlcv-aggregator.service.ts
FN:18,(anonymous_2)
FN:20,(anonymous_3)
FN:59,(anonymous_4)
FN:69,(anonymous_5)
FNF:4
FNH:4
FNDA:15,(anonymous_2)
FNDA:13,(anonymous_3)
FNDA:3,(anonymous_4)
FNDA:27,(anonymous_5)
DA:1,3
DA:2,3
DA:3,3
DA:15,3
DA:16,15
DA:18,15
DA:25,13
DA:27,13
DA:36,13
DA:55,13
DA:59,13
DA:70,27
LF:12
LH:12
BRF:0
BRH:0
end_of_record
