{"/Users/portable/Documents/GitHub/StellarSwipe-Backends/src/data-lake/data-lake.module.ts": {"path":"/Users/portable/Documents/GitHub/StellarSwipe-Backends/src/data-lake/data-lake.module.ts","statementMap":{"0":{"start":{"line":1,"column":0},"end":{"line":1,"column":40}},"1":{"start":{"line":2,"column":0},"end":{"line":2,"column":48}},"2":{"start":{"line":3,"column":0},"end":{"line":3,"column":50}},"3":{"start":{"line":4,"column":0},"end":{"line":4,"column":72}},"4":{"start":{"line":5,"column":0},"end":{"line":5,"column":77}},"5":{"start":{"line":6,"column":0},"end":{"line":6,"column":68}},"6":{"start":{"line":7,"column":0},"end":{"line":7,"column":70}},"7":{"start":{"line":8,"column":0},"end":{"line":8,"column":76}},"8":{"start":{"line":9,"column":0},"end":{"line":9,"column":64}},"9":{"start":{"line":10,"column":0},"end":{"line":10,"column":51}},"10":{"start":{"line":27,"column":7},"end":{"line":27,"column":null}},"11":{"start":{"line":27,"column":13},"end":{"line":27,"column":27}},"12":{"start":{"line":27,"column":13},"end":{"line":27,"column":null}}},"fnMap":{},"branchMap":{},"s":{"0":0,"1":0,"2":0,"3":0,"4":0,"5":0,"6":0,"7":0,"8":0,"9":0,"10":0,"11":0,"12":0},"f":{},"b":{}}
,"/Users/portable/Documents/GitHub/StellarSwipe-Backends/src/data-lake/entities/etl-job.entity.ts": {"path":"/Users/portable/Documents/GitHub/StellarSwipe-Backends/src/data-lake/entities/etl-job.entity.ts","statementMap":{"0":{"start":{"line":1,"column":0},"end":{"line":1,"column":null}},"1":{"start":{"line":9,"column":0},"end":{"line":9,"column":null}},"2":{"start":{"line":10,"column":2},"end":{"line":10,"column":null}},"3":{"start":{"line":11,"column":2},"end":{"line":11,"column":null}},"4":{"start":{"line":12,"column":2},"end":{"line":12,"column":null}},"5":{"start":{"line":15,"column":0},"end":{"line":15,"column":null}},"6":{"start":{"line":16,"column":2},"end":{"line":16,"column":null}},"7":{"start":{"line":17,"column":2},"end":{"line":17,"column":null}},"8":{"start":{"line":18,"column":2},"end":{"line":18,"column":null}},"9":{"start":{"line":22,"column":7},"end":{"line":52,"column":null}},"10":{"start":{"line":22,"column":13},"end":{"line":22,"column":19}},"11":{"start":{"line":24,"column":2},"end":{"line":24,"column":null}},"12":{"start":{"line":27,"column":2},"end":{"line":27,"column":null}},"13":{"start":{"line":30,"column":2},"end":{"line":30,"column":null}},"14":{"start":{"line":33,"column":2},"end":{"line":33,"column":null}},"15":{"start":{"line":36,"column":2},"end":{"line":36,"column":null}},"16":{"start":{"line":39,"column":2},"end":{"line":39,"column":null}},"17":{"start":{"line":42,"column":2},"end":{"line":42,"column":null}},"18":{"start":{"line":45,"column":2},"end":{"line":45,"column":null}},"19":{"start":{"line":48,"column":2},"end":{"line":48,"column":null}},"20":{"start":{"line":51,"column":2},"end":{"line":51,"column":null}},"21":{"start":{"line":22,"column":13},"end":{"line":52,"column":null}}},"fnMap":{"0":{"name":"(anonymous_2)","decl":{"start":{"line":9,"column":0},"end":{"line":9,"column":12}},"loc":{"start":{"line":9,"column":24},"end":{"line":13,"column":1}}},"1":{"name":"(anonymous_3)","decl":{"start":{"line":15,"column":0},"end":{"line":15,"column":12}},"loc":{"start":{"line":15,"column":22},"end":{"line":19,"column":1}}}},"branchMap":{"0":{"loc":{"start":{"line":9,"column":12},"end":{"line":9,"column":null}},"type":"binary-expr","locations":[{"start":{"line":9,"column":12},"end":{"line":9,"column":24}},{"start":{"line":9,"column":24},"end":{"line":9,"column":null}}]},"1":{"loc":{"start":{"line":15,"column":12},"end":{"line":15,"column":null}},"type":"binary-expr","locations":[{"start":{"line":15,"column":12},"end":{"line":15,"column":22}},{"start":{"line":15,"column":22},"end":{"line":15,"column":null}}]}},"s":{"0":1,"1":1,"2":1,"3":1,"4":1,"5":1,"6":1,"7":1,"8":1,"9":1,"10":1,"11":1,"12":1,"13":1,"14":1,"15":1,"16":1,"17":1,"18":1,"19":1,"20":1,"21":1},"f":{"0":1,"1":1},"b":{"0":[1,1],"1":[1,1]}}
,"/Users/portable/Documents/GitHub/StellarSwipe-Backends/src/data-lake/etl/etl-orchestrator.service.ts": {"path":"/Users/portable/Documents/GitHub/StellarSwipe-Backends/src/data-lake/etl/etl-orchestrator.service.ts","statementMap":{"0":{"start":{"line":1,"column":0},"end":{"line":1,"column":71}},"1":{"start":{"line":2,"column":0},"end":{"line":2,"column":56}},"2":{"start":{"line":3,"column":0},"end":{"line":3,"column":51}},"3":{"start":{"line":4,"column":0},"end":{"line":4,"column":37}},"4":{"start":{"line":5,"column":0},"end":{"line":5,"column":73}},"5":{"start":{"line":6,"column":0},"end":{"line":6,"column":64}},"6":{"start":{"line":7,"column":0},"end":{"line":7,"column":66}},"7":{"start":{"line":9,"column":0},"end":{"line":9,"column":72}},"8":{"start":{"line":10,"column":0},"end":{"line":10,"column":77}},"9":{"start":{"line":11,"column":0},"end":{"line":11,"column":78}},"10":{"start":{"line":23,"column":35},"end":{"line":163,"column":null}},"11":{"start":{"line":35,"column":21},"end":{"line":35,"column":42}},"12":{"start":{"line":36,"column":21},"end":{"line":36,"column":38}},"13":{"start":{"line":37,"column":21},"end":{"line":37,"column":39}},"14":{"start":{"line":38,"column":21},"end":{"line":38,"column":41}},"15":{"start":{"line":39,"column":21},"end":{"line":39,"column":37}},"16":{"start":{"line":41,"column":21},"end":{"line":41,"column":39}},"17":{"start":{"line":24,"column":19},"end":{"line":24,"column":68}},"18":{"start":{"line":26,"column":19},"end":{"line":30,"column":4}},"19":{"start":{"line":43,"column":4},"end":{"line":47,"column":7}},"20":{"start":{"line":52,"column":22},"end":{"line":52,"column":32}},"21":{"start":{"line":53,"column":4},"end":{"line":53,"column":47}},"22":{"start":{"line":54,"column":4},"end":{"line":54,"column":35}},"23":{"start":{"line":56,"column":27},"end":{"line":56,"column":46}},"24":{"start":{"line":57,"column":4},"end":{"line":57,"column":45}},"25":{"start":{"line":59,"column":4},"end":{"line":61,"column":6}},"26":{"start":{"line":63,"column":4},"end":{"line":67,"column":7}},"27":{"start":{"line":69,"column":4},"end":{"line":69,"column":37}},"28":{"start":{"line":77,"column":22},"end":{"line":77,"column":32}},"29":{"start":{"line":78,"column":16},"end":{"line":83,"column":6}},"30":{"start":{"line":84,"column":4},"end":{"line":84,"column":42}},"31":{"start":{"line":86,"column":4},"end":{"line":131,"column":5}},"32":{"start":{"line":87,"column":24},"end":{"line":87,"column":52}},"33":{"start":{"line":88,"column":6},"end":{"line":90,"column":7}},"34":{"start":{"line":89,"column":8},"end":{"line":89,"column":83}},"35":{"start":{"line":92,"column":22},"end":{"line":96,"column":8}},"36":{"start":{"line":98,"column":28},"end":{"line":101,"column":null}},"37":{"start":{"line":104,"column":25},"end":{"line":104,"column":70}},"38":{"start":{"line":106,"column":6},"end":{"line":106,"column":42}},"39":{"start":{"line":107,"column":6},"end":{"line":107,"column":44}},"40":{"start":{"line":108,"column":6},"end":{"line":108,"column":50}},"41":{"start":{"line":109,"column":6},"end":{"line":109,"column":44}},"42":{"start":{"line":111,"column":25},"end":{"line":111,"column":47}},"43":{"start":{"line":112,"column":6},"end":{"line":114,"column":8}},"44":{"start":{"line":116,"column":6},"end":{"line":123,"column":8}},"45":{"start":{"line":125,"column":6},"end":{"line":125,"column":39}},"46":{"start":{"line":126,"column":6},"end":{"line":126,"column":50}},"47":{"start":{"line":127,"column":6},"end":{"line":127,"column":44}},"48":{"start":{"line":129,"column":6},"end":{"line":129,"column":81}},"49":{"start":{"line":130,"column":6},"end":{"line":130,"column":18}},"50":{"start":{"line":135,"column":44},"end":{"line":135,"column":46}},"51":{"start":{"line":137,"column":4},"end":{"line":144,"column":5}},"52":{"start":{"line":139,"column":8},"end":{"line":139,"column":62}},"53":{"start":{"line":140,"column":6},"end":{"line":140,"column":53}},"54":{"start":{"line":141,"column":6},"end":{"line":143,"column":8}},"55":{"start":{"line":146,"column":4},"end":{"line":146,"column":19}},"56":{"start":{"line":150,"column":4},"end":{"line":153,"column":7}},"57":{"start":{"line":157,"column":16},"end":{"line":157,"column":70}},"58":{"start":{"line":158,"column":4},"end":{"line":160,"column":5}},"59":{"start":{"line":159,"column":6},"end":{"line":159,"column":69}},"60":{"start":{"line":161,"column":4},"end":{"line":161,"column":15}},"61":{"start":{"line":23,"column":13},"end":{"line":23,"column":35}},"62":{"start":{"line":51,"column":8},"end":{"line":70,"column":null}},"63":{"start":{"line":23,"column":13},"end":{"line":163,"column":null}}},"fnMap":{"0":{"name":"(anonymous_4)","decl":{"start":{"line":34,"column":2},"end":{"line":34,"column":null}},"loc":{"start":{"line":41,"column":57},"end":{"line":48,"column":3}}},"1":{"name":"(anonymous_5)","decl":{"start":{"line":51,"column":2},"end":{"line":51,"column":7}},"loc":{"start":{"line":51,"column":19},"end":{"line":70,"column":3}}},"2":{"name":"(anonymous_6)","decl":{"start":{"line":72,"column":2},"end":{"line":72,"column":7}},"loc":{"start":{"line":75,"column":17},"end":{"line":132,"column":3}}},"3":{"name":"(anonymous_7)","decl":{"start":{"line":134,"column":2},"end":{"line":134,"column":7}},"loc":{"start":{"line":134,"column":27},"end":{"line":147,"column":3}}},"4":{"name":"(anonymous_8)","decl":{"start":{"line":149,"column":2},"end":{"line":149,"column":7}},"loc":{"start":{"line":149,"column":32},"end":{"line":154,"column":3}}},"5":{"name":"(anonymous_9)","decl":{"start":{"line":156,"column":2},"end":{"line":156,"column":7}},"loc":{"start":{"line":156,"column":29},"end":{"line":162,"column":3}}}},"branchMap":{"0":{"loc":{"start":{"line":88,"column":6},"end":{"line":90,"column":7}},"type":"if","locations":[{"start":{"line":88,"column":6},"end":{"line":90,"column":7}}]},"1":{"loc":{"start":{"line":149,"column":22},"end":{"line":149,"column":32}},"type":"default-arg","locations":[{"start":{"line":149,"column":30},"end":{"line":149,"column":32}}]},"2":{"loc":{"start":{"line":158,"column":4},"end":{"line":160,"column":5}},"type":"if","locations":[{"start":{"line":158,"column":4},"end":{"line":160,"column":5}}]}},"s":{"0":1,"1":1,"2":1,"3":1,"4":1,"5":1,"6":1,"7":1,"8":1,"9":1,"10":1,"11":15,"12":15,"13":15,"14":15,"15":15,"16":15,"17":15,"18":15,"19":15,"20":1,"21":1,"22":1,"23":1,"24":1,"25":1,"26":1,"27":1,"28":9,"29":9,"30":9,"31":9,"32":9,"33":9,"34":1,"35":8,"36":7,"37":7,"38":7,"39":7,"40":7,"41":7,"42":7,"43":7,"44":7,"45":2,"46":2,"47":2,"48":2,"49":2,"50":1,"51":1,"52":3,"53":3,"54":3,"55":1,"56":2,"57":2,"58":2,"59":1,"60":1,"61":1,"62":1,"63":1},"f":{"0":15,"1":1,"2":9,"3":1,"4":2,"5":2},"b":{"0":[1],"1":[1],"2":[1]}}
,"/Users/portable/Documents/GitHub/StellarSwipe-Backends/src/data-lake/etl/extractors/base.extractor.ts": {"path":"/Users/portable/Documents/GitHub/StellarSwipe-Backends/src/data-lake/etl/extractors/base.extractor.ts","statementMap":{"0":{"start":{"line":14,"column":0},"end":{"line":14,"column":22}}},"fnMap":{},"branchMap":{},"s":{"0":4},"f":{},"b":{}}
,"/Users/portable/Documents/GitHub/StellarSwipe-Backends/src/data-lake/etl/extractors/signals.extractor.ts": {"path":"/Users/portable/Documents/GitHub/StellarSwipe-Backends/src/data-lake/etl/extractors/signals.extractor.ts","statementMap":{"0":{"start":{"line":1,"column":0},"end":{"line":1,"column":44}},"1":{"start":{"line":2,"column":0},"end":{"line":2,"column":37}},"2":{"start":{"line":3,"column":0},"end":{"line":3,"column":85}},"3":{"start":{"line":6,"column":7},"end":{"line":45,"column":null}},"4":{"start":{"line":10,"column":4},"end":{"line":10,"column":12}},"5":{"start":{"line":9,"column":31},"end":{"line":9,"column":43}},"6":{"start":{"line":7,"column":11},"end":{"line":7,"column":34}},"7":{"start":{"line":14,"column":22},"end":{"line":14,"column":47}},"8":{"start":{"line":23,"column":9},"end":{"line":29,"column":null}},"9":{"start":{"line":32,"column":4},"end":{"line":43,"column":8}},"10":{"start":{"line":32,"column":30},"end":{"line":43,"column":6}},"11":{"start":{"line":6,"column":13},"end":{"line":6,"column":29}},"12":{"start":{"line":6,"column":13},"end":{"line":45,"column":null}}},"fnMap":{"0":{"name":"(anonymous_2)","decl":{"start":{"line":9,"column":2},"end":{"line":9,"column":31}},"loc":{"start":{"line":9,"column":53},"end":{"line":11,"column":3}}},"1":{"name":"(anonymous_3)","decl":{"start":{"line":13,"column":2},"end":{"line":13,"column":7}},"loc":{"start":{"line":13,"column":42},"end":{"line":44,"column":3}}},"2":{"name":"(anonymous_4)","decl":{"start":{"line":32,"column":20},"end":{"line":32,"column":21}},"loc":{"start":{"line":32,"column":30},"end":{"line":43,"column":6}}}},"branchMap":{"0":{"loc":{"start":{"line":14,"column":22},"end":{"line":14,"column":47}},"type":"binary-expr","locations":[{"start":{"line":14,"column":22},"end":{"line":14,"column":39}},{"start":{"line":14,"column":43},"end":{"line":14,"column":47}}]},"1":{"loc":{"start":{"line":41,"column":18},"end":{"line":41,"column":36}},"type":"binary-expr","locations":[{"start":{"line":41,"column":18},"end":{"line":41,"column":30}},{"start":{"line":41,"column":34},"end":{"line":41,"column":36}}]}},"s":{"0":2,"1":2,"2":2,"3":2,"4":7,"5":7,"6":7,"7":6,"8":6,"9":6,"10":3,"11":2,"12":2},"f":{"0":7,"1":6,"2":3},"b":{"0":[6,5],"1":[3,1]}}
,"/Users/portable/Documents/GitHub/StellarSwipe-Backends/src/data-lake/etl/extractors/trades.extractor.ts": {"path":"/Users/portable/Documents/GitHub/StellarSwipe-Backends/src/data-lake/etl/extractors/trades.extractor.ts","statementMap":{"0":{"start":{"line":1,"column":0},"end":{"line":1,"column":44}},"1":{"start":{"line":2,"column":0},"end":{"line":2,"column":37}},"2":{"start":{"line":3,"column":0},"end":{"line":3,"column":85}},"3":{"start":{"line":6,"column":7},"end":{"line":45,"column":null}},"4":{"start":{"line":10,"column":4},"end":{"line":10,"column":12}},"5":{"start":{"line":9,"column":31},"end":{"line":9,"column":43}},"6":{"start":{"line":7,"column":11},"end":{"line":7,"column":33}},"7":{"start":{"line":14,"column":22},"end":{"line":14,"column":47}},"8":{"start":{"line":23,"column":9},"end":{"line":29,"column":null}},"9":{"start":{"line":32,"column":4},"end":{"line":43,"column":8}},"10":{"start":{"line":32,"column":30},"end":{"line":43,"column":6}},"11":{"start":{"line":6,"column":13},"end":{"line":6,"column":28}},"12":{"start":{"line":6,"column":13},"end":{"line":45,"column":null}}},"fnMap":{"0":{"name":"(anonymous_2)","decl":{"start":{"line":9,"column":2},"end":{"line":9,"column":31}},"loc":{"start":{"line":9,"column":53},"end":{"line":11,"column":3}}},"1":{"name":"(anonymous_3)","decl":{"start":{"line":13,"column":2},"end":{"line":13,"column":7}},"loc":{"start":{"line":13,"column":42},"end":{"line":44,"column":3}}},"2":{"name":"(anonymous_4)","decl":{"start":{"line":32,"column":20},"end":{"line":32,"column":21}},"loc":{"start":{"line":32,"column":30},"end":{"line":43,"column":6}}}},"branchMap":{"0":{"loc":{"start":{"line":14,"column":22},"end":{"line":14,"column":47}},"type":"binary-expr","locations":[{"start":{"line":14,"column":22},"end":{"line":14,"column":39}},{"start":{"line":14,"column":43},"end":{"line":14,"column":47}}]}},"s":{"0":2,"1":2,"2":2,"3":2,"4":6,"5":6,"6":6,"7":5,"8":5,"9":5,"10":2,"11":2,"12":2},"f":{"0":6,"1":5,"2":2},"b":{"0":[5,4]}}
,"/Users/portable/Documents/GitHub/StellarSwipe-Backends/src/data-lake/etl/extractors/user-events.extractor.ts": {"path":"/Users/portable/Documents/GitHub/StellarSwipe-Backends/src/data-lake/etl/extractors/user-events.extractor.ts","statementMap":{"0":{"start":{"line":1,"column":0},"end":{"line":1,"column":44}},"1":{"start":{"line":2,"column":0},"end":{"line":2,"column":37}},"2":{"start":{"line":3,"column":0},"end":{"line":3,"column":85}},"3":{"start":{"line":6,"column":7},"end":{"line":41,"column":null}},"4":{"start":{"line":10,"column":4},"end":{"line":10,"column":12}},"5":{"start":{"line":9,"column":31},"end":{"line":9,"column":43}},"6":{"start":{"line":7,"column":11},"end":{"line":7,"column":38}},"7":{"start":{"line":14,"column":22},"end":{"line":14,"column":47}},"8":{"start":{"line":21,"column":9},"end":{"line":27,"column":null}},"9":{"start":{"line":30,"column":4},"end":{"line":39,"column":8}},"10":{"start":{"line":30,"column":30},"end":{"line":39,"column":6}},"11":{"start":{"line":6,"column":13},"end":{"line":6,"column":32}},"12":{"start":{"line":6,"column":13},"end":{"line":41,"column":null}}},"fnMap":{"0":{"name":"(anonymous_2)","decl":{"start":{"line":9,"column":2},"end":{"line":9,"column":31}},"loc":{"start":{"line":9,"column":53},"end":{"line":11,"column":3}}},"1":{"name":"(anonymous_3)","decl":{"start":{"line":13,"column":2},"end":{"line":13,"column":7}},"loc":{"start":{"line":13,"column":42},"end":{"line":40,"column":3}}},"2":{"name":"(anonymous_4)","decl":{"start":{"line":30,"column":20},"end":{"line":30,"column":21}},"loc":{"start":{"line":30,"column":30},"end":{"line":39,"column":6}}}},"branchMap":{"0":{"loc":{"start":{"line":14,"column":22},"end":{"line":14,"column":47}},"type":"binary-expr","locations":[{"start":{"line":14,"column":22},"end":{"line":14,"column":39}},{"start":{"line":14,"column":43},"end":{"line":14,"column":47}}]},"1":{"loc":{"start":{"line":37,"column":18},"end":{"line":37,"column":36}},"type":"binary-expr","locations":[{"start":{"line":37,"column":18},"end":{"line":37,"column":30}},{"start":{"line":37,"column":34},"end":{"line":37,"column":36}}]}},"s":{"0":2,"1":2,"2":2,"3":2,"4":6,"5":6,"6":6,"7":5,"8":5,"9":5,"10":3,"11":2,"12":2},"f":{"0":6,"1":5,"2":3},"b":{"0":[5,4],"1":[3,1]}}
,"/Users/portable/Documents/GitHub/StellarSwipe-Backends/src/data-lake/etl/loaders/data-lake.loader.ts": {"path":"/Users/portable/Documents/GitHub/StellarSwipe-Backends/src/data-lake/etl/loaders/data-lake.loader.ts","statementMap":{"0":{"start":{"line":1,"column":0},"end":{"line":1,"column":52}},"1":{"start":{"line":2,"column":0},"end":{"line":2,"column":25}},"2":{"start":{"line":3,"column":0},"end":{"line":3,"column":29}},"3":{"start":{"line":20,"column":27},"end":{"line":128,"column":null}},"4":{"start":{"line":21,"column":19},"end":{"line":21,"column":60}},"5":{"start":{"line":25,"column":4},"end":{"line":25,"column":79}},"6":{"start":{"line":29,"column":20},"end":{"line":29,"column":72}},"7":{"start":{"line":30,"column":21},"end":{"line":30,"column":54}},"8":{"start":{"line":31,"column":21},"end":{"line":31,"column":49}},"9":{"start":{"line":32,"column":20},"end":{"line":35,"column":null}},"10":{"start":{"line":38,"column":4},"end":{"line":38,"column":40}},"11":{"start":{"line":39,"column":4},"end":{"line":39,"column":44}},"12":{"start":{"line":41,"column":4},"end":{"line":43,"column":6}},"13":{"start":{"line":45,"column":4},"end":{"line":51,"column":6}},"14":{"start":{"line":55,"column":23},"end":{"line":55,"column":66}},"15":{"start":{"line":57,"column":4},"end":{"line":59,"column":5}},"16":{"start":{"line":58,"column":6},"end":{"line":58,"column":15}},"17":{"start":{"line":61,"column":23},"end":{"line":61,"column":33}},"18":{"start":{"line":62,"column":4},"end":{"line":62,"column":68}},"19":{"start":{"line":64,"column":23},"end":{"line":64,"column":24}},"20":{"start":{"line":65,"column":21},"end":{"line":65,"column":51}},"21":{"start":{"line":67,"column":4},"end":{"line":94,"column":5}},"22":{"start":{"line":68,"column":6},"end":{"line":68,"column":49}},"23":{"start":{"line":68,"column":40},"end":{"line":68,"column":49}},"24":{"start":{"line":69,"column":19},"end":{"line":69,"column":61}},"25":{"start":{"line":71,"column":23},"end":{"line":71,"column":53}},"26":{"start":{"line":72,"column":24},"end":{"line":72,"column":52}},"27":{"start":{"line":74,"column":6},"end":{"line":93,"column":7}},"28":{"start":{"line":75,"column":8},"end":{"line":75,"column":53}},"29":{"start":{"line":75,"column":44},"end":{"line":75,"column":53}},"30":{"start":{"line":76,"column":22},"end":{"line":76,"column":66}},"31":{"start":{"line":78,"column":26},"end":{"line":78,"column":55}},"32":{"start":{"line":79,"column":24},"end":{"line":79,"column":53}},"33":{"start":{"line":81,"column":8},"end":{"line":92,"column":9}},"34":{"start":{"line":82,"column":10},"end":{"line":82,"column":51}},"35":{"start":{"line":82,"column":42},"end":{"line":82,"column":51}},"36":{"start":{"line":83,"column":22},"end":{"line":83,"column":62}},"37":{"start":{"line":84,"column":32},"end":{"line":84,"column":62}},"38":{"start":{"line":86,"column":10},"end":{"line":91,"column":11}},"39":{"start":{"line":87,"column":34},"end":{"line":87,"column":62}},"40":{"start":{"line":88,"column":12},"end":{"line":88,"column":48}},"41":{"start":{"line":89,"column":12},"end":{"line":89,"column":27}},"42":{"start":{"line":90,"column":12},"end":{"line":90,"column":75}},"43":{"start":{"line":96,"column":4},"end":{"line":96,"column":24}},"44":{"start":{"line":100,"column":4},"end":{"line":100,"column":50}},"45":{"start":{"line":104,"column":4},"end":{"line":104,"column":47}},"46":{"start":{"line":105,"column":4},"end":{"line":105,"column":29}},"47":{"start":{"line":109,"column":4},"end":{"line":109,"column":48}},"48":{"start":{"line":110,"column":4},"end":{"line":110,"column":29}},"49":{"start":{"line":114,"column":4},"end":{"line":114,"column":34}},"50":{"start":{"line":118,"column":4},"end":{"line":122,"column":5}},"51":{"start":{"line":119,"column":6},"end":{"line":119,"column":37}},"52":{"start":{"line":121,"column":6},"end":{"line":121,"column":16}},"53":{"start":{"line":126,"column":4},"end":{"line":126,"column":57}},"54":{"start":{"line":20,"column":13},"end":{"line":20,"column":27}},"55":{"start":{"line":20,"column":13},"end":{"line":128,"column":null}}},"fnMap":{"0":{"name":"(anonymous_11)","decl":{"start":{"line":24,"column":2},"end":{"line":24,"column":14}},"loc":{"start":{"line":24,"column":31},"end":{"line":26,"column":3}}},"1":{"name":"(anonymous_12)","decl":{"start":{"line":28,"column":2},"end":{"line":28,"column":7}},"loc":{"start":{"line":28,"column":41},"end":{"line":52,"column":3}}},"2":{"name":"(anonymous_13)","decl":{"start":{"line":54,"column":2},"end":{"line":54,"column":7}},"loc":{"start":{"line":54,"column":52},"end":{"line":97,"column":3}}},"3":{"name":"(anonymous_14)","decl":{"start":{"line":99,"column":2},"end":{"line":99,"column":18}},"loc":{"start":{"line":99,"column":39},"end":{"line":101,"column":3}}},"4":{"name":"(anonymous_15)","decl":{"start":{"line":103,"column":12},"end":{"line":103,"column":27}},"loc":{"start":{"line":103,"column":43},"end":{"line":106,"column":3}}},"5":{"name":"(anonymous_16)","decl":{"start":{"line":108,"column":12},"end":{"line":108,"column":21}},"loc":{"start":{"line":108,"column":55},"end":{"line":111,"column":3}}},"6":{"name":"(anonymous_17)","decl":{"start":{"line":113,"column":12},"end":{"line":113,"column":27}},"loc":{"start":{"line":113,"column":43},"end":{"line":115,"column":3}}},"7":{"name":"(anonymous_18)","decl":{"start":{"line":117,"column":12},"end":{"line":117,"column":25}},"loc":{"start":{"line":117,"column":41},"end":{"line":123,"column":3}}},"8":{"name":"(anonymous_19)","decl":{"start":{"line":125,"column":12},"end":{"line":125,"column":27}},"loc":{"start":{"line":125,"column":43},"end":{"line":127,"column":3}}}},"branchMap":{"0":{"loc":{"start":{"line":25,"column":20},"end":{"line":25,"column":78}},"type":"binary-expr","locations":[{"start":{"line":25,"column":20},"end":{"line":25,"column":28}},{"start":{"line":25,"column":32},"end":{"line":25,"column":58}},{"start":{"line":25,"column":62},"end":{"line":25,"column":78}}]},"1":{"loc":{"start":{"line":57,"column":4},"end":{"line":59,"column":5}},"type":"if","locations":[{"start":{"line":57,"column":4},"end":{"line":59,"column":5}}]},"2":{"loc":{"start":{"line":68,"column":6},"end":{"line":68,"column":49}},"type":"if","locations":[{"start":{"line":68,"column":6},"end":{"line":68,"column":49}}]},"3":{"loc":{"start":{"line":75,"column":8},"end":{"line":75,"column":53}},"type":"if","locations":[{"start":{"line":75,"column":8},"end":{"line":75,"column":53}}]},"4":{"loc":{"start":{"line":82,"column":10},"end":{"line":82,"column":51}},"type":"if","locations":[{"start":{"line":82,"column":10},"end":{"line":82,"column":51}}]},"5":{"loc":{"start":{"line":86,"column":10},"end":{"line":91,"column":11}},"type":"if","locations":[{"start":{"line":86,"column":10},"end":{"line":91,"column":11}}]}},"s":{"0":2,"1":2,"2":2,"3":2,"4":19,"5":19,"6":4,"7":4,"8":4,"9":4,"10":4,"11":4,"12":4,"13":4,"14":8,"15":8,"16":1,"17":7,"18":7,"19":7,"20":7,"21":7,"22":8,"23":2,"24":6,"25":6,"26":6,"27":6,"28":5,"29":1,"30":4,"31":4,"32":4,"33":4,"34":6,"35":1,"36":5,"37":5,"38":5,"39":4,"40":4,"41":4,"42":4,"43":7,"44":1,"45":4,"46":4,"47":4,"48":4,"49":8,"50":17,"51":17,"52":1,"53":4,"54":2,"55":2},"f":{"0":19,"1":4,"2":8,"3":1,"4":4,"5":4,"6":8,"7":17,"8":4},"b":{"0":[19,2,1],"1":[1],"2":[2],"3":[1],"4":[1],"5":[4]}}
,"/Users/portable/Documents/GitHub/StellarSwipe-Backends/src/data-lake/etl/transformers/parquet.transformer.ts": {"path":"/Users/portable/Documents/GitHub/StellarSwipe-Backends/src/data-lake/etl/transformers/parquet.transformer.ts","statementMap":{"0":{"start":{"line":1,"column":0},"end":{"line":1,"column":44}},"1":{"start":{"line":26,"column":7},"end":{"line":93,"column":null}},"2":{"start":{"line":32,"column":19},"end":{"line":32,"column":56}},"3":{"start":{"line":33,"column":25},"end":{"line":33,"column":74}},"4":{"start":{"line":34,"column":17},"end":{"line":38,"column":7}},"5":{"start":{"line":34,"column":37},"end":{"line":38,"column":6}},"6":{"start":{"line":39,"column":23},"end":{"line":39,"column":43}},"7":{"start":{"line":41,"column":4},"end":{"line":49,"column":6}},"8":{"start":{"line":53,"column":17},"end":{"line":53,"column":38}},"9":{"start":{"line":54,"column":18},"end":{"line":54,"column":65}},"10":{"start":{"line":55,"column":16},"end":{"line":55,"column":58}},"11":{"start":{"line":56,"column":4},"end":{"line":56,"column":66}},"12":{"start":{"line":60,"column":35},"end":{"line":63,"column":6}},"13":{"start":{"line":65,"column":4},"end":{"line":73,"column":5}},"14":{"start":{"line":66,"column":6},"end":{"line":72,"column":7}},"15":{"start":{"line":67,"column":8},"end":{"line":71,"column":11}},"16":{"start":{"line":75,"column":4},"end":{"line":75,"column":40}},"17":{"start":{"line":79,"column":4},"end":{"line":81,"column":5}},"18":{"start":{"line":80,"column":6},"end":{"line":80,"column":58}},"19":{"start":{"line":82,"column":4},"end":{"line":84,"column":5}},"20":{"start":{"line":83,"column":6},"end":{"line":83,"column":23}},"21":{"start":{"line":85,"column":4},"end":{"line":87,"column":5}},"22":{"start":{"line":86,"column":6},"end":{"line":86,"column":25}},"23":{"start":{"line":88,"column":4},"end":{"line":90,"column":5}},"24":{"start":{"line":89,"column":6},"end":{"line":89,"column":20}},"25":{"start":{"line":91,"column":4},"end":{"line":91,"column":20}},"26":{"start":{"line":26,"column":13},"end":{"line":26,"column":31}},"27":{"start":{"line":26,"column":13},"end":{"line":93,"column":null}}},"fnMap":{"0":{"name":"(anonymous_1)","decl":{"start":{"line":27,"column":2},"end":{"line":27,"column":11}},"loc":{"start":{"line":30,"column":23},"end":{"line":50,"column":3}}},"1":{"name":"(anonymous_2)","decl":{"start":{"line":34,"column":29},"end":{"line":34,"column":30}},"loc":{"start":{"line":34,"column":37},"end":{"line":38,"column":6}}},"2":{"name":"(anonymous_3)","decl":{"start":{"line":52,"column":2},"end":{"line":52,"column":19}},"loc":{"start":{"line":52,"column":50},"end":{"line":57,"column":3}}},"3":{"name":"(anonymous_4)","decl":{"start":{"line":59,"column":10},"end":{"line":59,"column":21}},"loc":{"start":{"line":59,"column":68},"end":{"line":76,"column":3}}},"4":{"name":"(anonymous_5)","decl":{"start":{"line":78,"column":10},"end":{"line":78,"column":19}},"loc":{"start":{"line":78,"column":34},"end":{"line":92,"column":3}}}},"branchMap":{"0":{"loc":{"start":{"line":65,"column":4},"end":{"line":73,"column":5}},"type":"if","locations":[{"start":{"line":65,"column":4},"end":{"line":73,"column":5}}]},"1":{"loc":{"start":{"line":79,"column":4},"end":{"line":81,"column":5}},"type":"if","locations":[{"start":{"line":79,"column":4},"end":{"line":81,"column":5}}]},"2":{"loc":{"start":{"line":80,"column":13},"end":{"line":80,"column":57}},"type":"cond-expr","locations":[{"start":{"line":80,"column":39},"end":{"line":80,"column":46}},{"start":{"line":80,"column":49},"end":{"line":80,"column":57}}]},"3":{"loc":{"start":{"line":82,"column":4},"end":{"line":84,"column":5}},"type":"if","locations":[{"start":{"line":82,"column":4},"end":{"line":84,"column":5}}]},"4":{"loc":{"start":{"line":85,"column":4},"end":{"line":87,"column":5}},"type":"if","locations":[{"start":{"line":85,"column":4},"end":{"line":87,"column":5}}]},"5":{"loc":{"start":{"line":88,"column":4},"end":{"line":90,"column":5}},"type":"if","locations":[{"start":{"line":88,"column":4},"end":{"line":90,"column":5}}]},"6":{"loc":{"start":{"line":88,"column":8},"end":{"line":88,"column":51}},"type":"binary-expr","locations":[{"start":{"line":88,"column":8},"end":{"line":88,"column":33}},{"start":{"line":88,"column":37},"end":{"line":88,"column":51}}]}},"s":{"0":2,"1":2,"2":12,"3":12,"4":12,"5":11,"6":12,"7":12,"8":15,"9":15,"10":15,"11":15,"12":12,"13":12,"14":9,"15":10,"16":12,"17":10,"18":3,"19":7,"20":1,"21":6,"22":1,"23":5,"24":1,"25":4,"26":2,"27":2},"f":{"0":12,"1":11,"2":15,"3":12,"4":10},"b":{"0":[9],"1":[3],"2":[2,1],"3":[1],"4":[1],"5":[1],"6":[5,2]}}
}
