TN:
SF:src/data-lake/data-lake.module.ts
FNF:0
FNH:0
DA:1,0
DA:2,0
DA:3,0
DA:4,0
DA:5,0
DA:6,0
DA:7,0
DA:8,0
DA:9,0
DA:10,0
DA:27,0
LF:11
LH:0
BRF:0
BRH:0
end_of_record
TN:
SF:src/data-lake/entities/etl-job.entity.ts
FN:9,(anonymous_2)
FN:15,(anonymous_3)
FNF:2
FNH:2
FNDA:1,(anonymous_2)
FNDA:1,(anonymous_3)
DA:1,1
DA:9,1
DA:10,1
DA:11,1
DA:12,1
DA:15,1
DA:16,1
DA:17,1
DA:18,1
DA:22,1
DA:24,1
DA:27,1
DA:30,1
DA:33,1
DA:36,1
DA:39,1
DA:42,1
DA:45,1
DA:48,1
DA:51,1
LF:20
LH:20
BRDA:9,0,0,1
BRDA:9,0,1,1
BRDA:15,1,0,1
BRDA:15,1,1,1
BRF:4
BRH:4
end_of_record
TN:
SF:src/data-lake/etl/etl-orchestrator.service.ts
FN:34,(anonymous_4)
FN:51,(anonymous_5)
FN:72,(anonymous_6)
FN:134,(anonymous_7)
FN:149,(anonymous_8)
FN:156,(anonymous_9)
FNF:6
FNH:6
FNDA:15,(anonymous_4)
FNDA:1,(anonymous_5)
FNDA:9,(anonymous_6)
FNDA:1,(anonymous_7)
FNDA:2,(anonymous_8)
FNDA:2,(anonymous_9)
DA:1,1
DA:2,1
DA:3,1
DA:4,1
DA:5,1
DA:6,1
DA:7,1
DA:9,1
DA:10,1
DA:11,1
DA:23,1
DA:24,15
DA:26,15
DA:35,15
DA:36,15
DA:37,15
DA:38,15
DA:39,15
DA:41,15
DA:43,15
DA:51,1
DA:52,1
DA:53,1
DA:54,1
DA:56,1
DA:57,1
DA:59,1
DA:63,1
DA:69,1
DA:77,9
DA:78,9
DA:84,9
DA:86,9
DA:87,9
DA:88,9
DA:89,1
DA:92,8
DA:98,7
DA:104,7
DA:106,7
DA:107,7
DA:108,7
DA:109,7
DA:111,7
DA:112,7
DA:116,7
DA:125,2
DA:126,2
DA:127,2
DA:129,2
DA:130,2
DA:135,1
DA:137,1
DA:139,3
DA:140,3
DA:141,3
DA:146,1
DA:150,2
DA:157,2
DA:158,2
DA:159,1
DA:161,1
LF:62
LH:62
BRDA:88,0,0,1
BRDA:149,1,0,1
BRDA:158,2,0,1
BRF:3
BRH:3
end_of_record
TN:
SF:src/data-lake/etl/extractors/base.extractor.ts
FNF:0
FNH:0
DA:14,4
LF:1
LH:1
BRF:0
BRH:0
end_of_record
TN:
SF:src/data-lake/etl/extractors/signals.extractor.ts
FN:9,(anonymous_2)
FN:13,(anonymous_3)
FN:32,(anonymous_4)
FNF:3
FNH:3
FNDA:7,(anonymous_2)
FNDA:6,(anonymous_3)
FNDA:3,(anonymous_4)
DA:1,2
DA:2,2
DA:3,2
DA:6,2
DA:7,7
DA:9,7
DA:10,7
DA:14,6
DA:23,6
DA:32,6
LF:10
LH:10
BRDA:14,0,0,6
BRDA:14,0,1,5
BRDA:41,1,0,3
BRDA:41,1,1,1
BRF:4
BRH:4
end_of_record
TN:
SF:src/data-lake/etl/extractors/trades.extractor.ts
FN:9,(anonymous_2)
FN:13,(anonymous_3)
FN:32,(anonymous_4)
FNF:3
FNH:3
FNDA:6,(anonymous_2)
FNDA:5,(anonymous_3)
FNDA:2,(anonymous_4)
DA:1,2
DA:2,2
DA:3,2
DA:6,2
DA:7,6
DA:9,6
DA:10,6
DA:14,5
DA:23,5
DA:32,5
LF:10
LH:10
BRDA:14,0,0,5
BRDA:14,0,1,4
BRF:2
BRH:2
end_of_record
TN:
SF:src/data-lake/etl/extractors/user-events.extractor.ts
FN:9,(anonymous_2)
FN:13,(anonymous_3)
FN:30,(anonymous_4)
FNF:3
FNH:3
FNDA:6,(anonymous_2)
FNDA:5,(anonymous_3)
FNDA:3,(anonymous_4)
DA:1,2
DA:2,2
DA:3,2
DA:6,2
DA:7,6
DA:9,6
DA:10,6
DA:14,5
DA:21,5
DA:30,5
LF:10
LH:10
BRDA:14,0,0,5
BRDA:14,0,1,4
BRDA:37,1,0,3
BRDA:37,1,1,1
BRF:4
BRH:4
end_of_record
TN:
SF:src/data-lake/etl/loaders/data-lake.loader.ts
FN:24,(anonymous_11)
FN:28,(anonymous_12)
FN:54,(anonymous_13)
FN:99,(anonymous_14)
FN:103,(anonymous_15)
FN:108,(anonymous_16)
FN:113,(anonymous_17)
FN:117,(anonymous_18)
FN:125,(anonymous_19)
FNF:9
FNH:9
FNDA:19,(anonymous_11)
FNDA:4,(anonymous_12)
FNDA:8,(anonymous_13)
FNDA:1,(anonymous_14)
FNDA:4,(anonymous_15)
FNDA:4,(anonymous_16)
FNDA:8,(anonymous_17)
FNDA:17,(anonymous_18)
FNDA:4,(anonymous_19)
DA:1,2
DA:2,2
DA:3,2
DA:20,2
DA:21,19
DA:25,19
DA:29,4
DA:30,4
DA:31,4
DA:32,4
DA:38,4
DA:39,4
DA:41,4
DA:45,4
DA:55,8
DA:57,8
DA:58,1
DA:61,7
DA:62,7
DA:64,7
DA:65,7
DA:67,7
DA:68,8
DA:69,6
DA:71,6
DA:72,6
DA:74,6
DA:75,5
DA:76,4
DA:78,4
DA:79,4
DA:81,4
DA:82,6
DA:83,5
DA:84,5
DA:86,5
DA:87,4
DA:88,4
DA:89,4
DA:90,4
DA:96,7
DA:100,1
DA:104,4
DA:105,4
DA:109,4
DA:110,4
DA:114,8
DA:118,17
DA:119,17
DA:121,1
DA:126,4
LF:51
LH:51
BRDA:25,0,0,19
BRDA:25,0,1,2
BRDA:25,0,2,1
BRDA:57,1,0,1
BRDA:68,2,0,2
BRDA:75,3,0,1
BRDA:82,4,0,1
BRDA:86,5,0,4
BRF:8
BRH:8
end_of_record
TN:
SF:src/data-lake/etl/transformers/parquet.transformer.ts
FN:27,(anonymous_1)
FN:34,(anonymous_2)
FN:52,(anonymous_3)
FN:59,(anonymous_4)
FN:78,(anonymous_5)
FNF:5
FNH:5
FNDA:12,(anonymous_1)
FNDA:11,(anonymous_2)
FNDA:15,(anonymous_3)
FNDA:12,(anonymous_4)
FNDA:10,(anonymous_5)
DA:1,2
DA:26,2
DA:32,12
DA:33,12
DA:34,12
DA:39,12
DA:41,12
DA:53,15
DA:54,15
DA:55,15
DA:56,15
DA:60,12
DA:65,12
DA:66,9
DA:67,10
DA:75,12
DA:79,10
DA:80,3
DA:82,7
DA:83,1
DA:85,6
DA:86,1
DA:88,5
DA:89,1
DA:91,4
LF:25
LH:25
BRDA:65,0,0,9
BRDA:79,1,0,3
BRDA:80,2,0,2
BRDA:80,2,1,1
BRDA:82,3,0,1
BRDA:85,4,0,1
BRDA:88,5,0,1
BRDA:88,6,0,5
BRDA:88,6,1,2
BRF:9
BRH:9
end_of_record
